<?xml version="1.0" encoding="UTF-8"?>
<testsuites name="TS_Amazon_03" time="4754.377" tests="4" failures="4" errors="0">
   <testsuite name="TS_Amazon_03" tests="4" failures="4" errors="0" time="4754.377" skipped="0" timestamp="21-03-2025T07:43:47" hostname="R.K.Chauhan - RahulPC" id="Test Suites/TS_Amazon_03">
      <properties>
[...]
</properties>
      <testcase name="Test Cases/TC_Amazon_ValidatePlacingAOrder_009" time="342.393" classname="Test Cases/TC_Amazon_ValidatePlacingAOrder_009" status="FAILED">
         <failure type="FAILED" message="Test Cases/TC_Amazon_ValidatePlacingAOrder_009 FAILED.&#xa;Reason:&#xa;com.kms.katalon.core.exception.StepFailedException: Unable to select option by value 'search-alias=stripbooks' of object 'Object Repository/Amazon_ValidatingPlacingAOrder_OR/Page_Online Shopping site in India Shop Onl_10c5f3/select_All Categories        Alexa Skills  _59be89'  using regular expression (Root cause: com.kms.katalon.core.exception.StepFailedException: Unable to select option by value 'search-alias=stripbooks' of object 'Object Repository/Amazon_ValidatingPlacingAOrder_OR/Page_Online Shopping site in India Shop Onl_10c5f3/select_All Categories        Alexa Skills  _59be89'  using regular expression&#xa;	at com.kms.katalon.core.webui.keyword.internal.WebUIKeywordMain.stepFailed(WebUIKeywordMain.groovy:117)&#xa;	at com.kms.katalon.core.webui.keyword.internal.WebUIKeywordMain.runKeyword(WebUIKeywordMain.groovy:43)&#xa;	at com.kms.katalon.core.webui.keyword.builtin.SelectOptionByValueKeyword.selectOptionByValue(SelectOptionByValueKeyword.groovy:69)&#xa;	at com.kms.katalon.core.webui.keyword.builtin.SelectOptionByValueKeyword.execute(SelectOptionByValueKeyword.groovy:42)&#xa;	at com.kms.katalon.core.keyword.internal.KeywordExecutor.executeKeywordForPlatform(KeywordExecutor.groovy:74)&#xa;	at com.kms.katalon.core.webui.keyword.WebUiBuiltInKeywords.selectOptionByValue(WebUiBuiltInKeywords.groovy:1244)&#xa;	at TC_Amazon_ValidatePlacingAOrder_009.run(TC_Amazon_ValidatePlacingAOrder_009:38)&#xa;	at com.kms.katalon.core.main.ScriptEngine.run(ScriptEngine.java:194)&#xa;	at com.kms.katalon.core.main.ScriptEngine.runScriptAsRawText(ScriptEngine.java:119)&#xa;	at com.kms.katalon.core.main.TestCaseExecutor.runScript(TestCaseExecutor.java:448)&#xa;	at com.kms.katalon.core.main.TestCaseExecutor.doExecute(TestCaseExecutor.java:439)&#xa;	at com.kms.katalon.core.main.TestCaseExecutor.processExecutionPhase(TestCaseExecutor.java:418)&#xa;	at com.kms.katalon.core.main.TestCaseExecutor.accessMainPhase(TestCaseExecutor.java:410)&#xa;	at com.kms.katalon.core.main.TestCaseExecutor.execute(TestCaseExecutor.java:285)&#xa;	at com.kms.katalon.core.main.TestCaseExecutor.execute(TestCaseExecutor.java:369)&#xa;	at com.kms.katalon.core.main.TestCaseExecutor.execute(TestCaseExecutor.java:369)&#xa;	at com.kms.katalon.core.main.TestCaseExecutor.execute(TestCaseExecutor.java:369)&#xa;	at com.kms.katalon.core.common.CommonExecutor.accessTestCaseMainPhase(CommonExecutor.java:71)&#xa;	at com.kms.katalon.core.main.TestSuiteExecutor.accessTestSuiteMainPhase(TestSuiteExecutor.java:160)&#xa;	at com.kms.katalon.core.main.TestSuiteExecutor.execute(TestSuiteExecutor.java:107)&#xa;	at com.kms.katalon.core.main.TestCaseMain.startTestSuite(TestCaseMain.java:180)&#xa;	at TempTestSuite1742523221089.run(TempTestSuite1742523221089.groovy:35)&#xa;	at java.base/jdk.internal.reflect.NativeMethodAccessorImpl.invoke0(Native Method)&#xa;	at java.base/jdk.internal.reflect.NativeMethodAccessorImpl.invoke(NativeMethodAccessorImpl.java:77)&#xa;	at java.base/jdk.internal.reflect.DelegatingMethodAccessorImpl.invoke(DelegatingMethodAccessorImpl.java:43)&#xa;Caused by: org.openqa.selenium.ElementNotInteractableException: Element &lt;option> could not be scrolled into view&#xa;Build info: version: '4.22.0', revision: 'c5f3146703'&#xa;System info: os.name: 'Windows 11', os.arch: 'amd64', os.version: '10.0', java.version: '17.0.13'&#xa;Driver info: com.kms.katalon.selenium.driver.CFirefoxDriver&#xa;Command: [fa81461b-03a5-45b3-b016-6ca0f43ab4a2, clickElement {id=363bae58-577e-4dd3-9de8-6451f2bbf97c}]&#xa;Capabilities {acceptInsecureCerts: true, browserName: firefox, browserVersion: 136.0.2, moz:accessibilityChecks: false, moz:buildID: 20250317120031, moz:debuggerAddress: 127.0.0.1:20477, moz:geckodriverVersion: 0.36.0, moz:headless: false, moz:platformVersion: 10.0, moz:processID: 10900, moz:profile: C:\Users\Asus\AppData\Local..., moz:shutdownTimeout: 60000, moz:webdriverClick: true, moz:windowless: false, pageLoadStrategy: normal, platformName: windows, proxy: Proxy(), se:cdp: ws://127.0.0.1:20477/devtoo..., se:cdpVersion: 85.0, setWindowRect: true, strictFileInteractability: false, timeouts: {implicit: 0, pageLoad: 300000, script: 30000}, unhandledPromptBehavior: ignore, userAgent: Mozilla/5.0 (Windows NT 10...., webSocketUrl: ws://127.0.0.1:20477/sessio...}&#xa;Element: [[[[CFirefoxDriver: firefox on windows (fa81461b-03a5-45b3-b016-6ca0f43ab4a2)] -> xpath: //select[@id='searchDropdownBox']]] -> tag name: option]&#xa;Session ID: fa81461b-03a5-45b3-b016-6ca0f43ab4a2&#xa;	at java.base/jdk.internal.reflect.NativeConstructorAccessorImpl.newInstance0(Native Method)&#xa;	at java.base/jdk.internal.reflect.NativeConstructorAccessorImpl.newInstance(NativeConstructorAccessorImpl.java:77)&#xa;	at java.base/jdk.internal.reflect.DelegatingConstructorAccessorImpl.newInstance(DelegatingConstructorAccessorImpl.java:45)&#xa;	at org.openqa.selenium.remote.ErrorCodec.decode(ErrorCodec.java:167)&#xa;	at org.openqa.selenium.remote.codec.w3c.W3CHttpResponseCodec.decode(W3CHttpResponseCodec.java:138)&#xa;	at org.openqa.selenium.remote.codec.w3c.W3CHttpResponseCodec.decode(W3CHttpResponseCodec.java:50)&#xa;	at org.openqa.selenium.remote.HttpCommandExecutor.execute(HttpCommandExecutor.java:190)&#xa;	at org.openqa.selenium.remote.service.DriverCommandExecutor.invokeExecute(DriverCommandExecutor.java:216)&#xa;	at org.openqa.selenium.remote.service.DriverCommandExecutor.execute(DriverCommandExecutor.java:174)&#xa;	at org.openqa.selenium.remote.RemoteWebDriver.execute(RemoteWebDriver.java:518)&#xa;	at org.openqa.selenium.remote.RemoteWebElement.execute(RemoteWebElement.java:223)&#xa;	at org.openqa.selenium.remote.RemoteWebElement.click(RemoteWebElement.java:76)&#xa;	at jdk.internal.reflect.GeneratedMethodAccessor30.invoke(Unknown Source)&#xa;	at java.base/jdk.internal.reflect.DelegatingMethodAccessorImpl.invoke(DelegatingMethodAccessorImpl.java:43)&#xa;	at org.openqa.selenium.support.decorators.WebDriverDecorator.call(WebDriverDecorator.java:249)&#xa;	at org.openqa.selenium.support.decorators.DefaultDecorated.call(DefaultDecorated.java:48)&#xa;	at org.openqa.selenium.support.decorators.WebDriverDecorator.lambda$createProxy$2(WebDriverDecorator.java:321)&#xa;	at net.bytebuddy.renamed.java.lang.Object$ByteBuddy$DljqZ5Tf.click(Unknown Source)&#xa;	at org.openqa.selenium.support.ui.Select.setSelected(Select.java:315)&#xa;	at org.openqa.selenium.support.ui.Select.setSelectedByIndex(Select.java:299)&#xa;	at org.openqa.selenium.support.ui.Select.selectByIndex(Select.java:179)&#xa;	at com.kms.katalon.core.webui.common.WebUiCommonHelper.selectOrDeselectOptionsByValueByRegularExpression(WebUiCommonHelper.java:294)&#xa;	at com.kms.katalon.core.webui.common.WebUiCommonHelper.selectOrDeselectOptionsByValue(WebUiCommonHelper.java:273)&#xa;	at com.kms.katalon.core.webui.common.WebUiCommonHelper$selectOrDeselectOptionsByValue.call(Unknown Source)&#xa;	at com.kms.katalon.core.webui.keyword.builtin.SelectOptionByValueKeyword.selectOrDeselectOptionsByValue(SelectOptionByValueKeyword.groovy:80)&#xa;	at com.kms.katalon.core.webui.keyword.builtin.SelectOptionByValueKeyword.access$0(SelectOptionByValueKeyword.groovy)&#xa;	at com.kms.katalon.core.webui.keyword.builtin.SelectOptionByValueKeyword$_selectOptionByValue_closure1.doCall(SelectOptionByValueKeyword.groovy:58)&#xa;	at com.kms.katalon.core.webui.keyword.builtin.SelectOptionByValueKeyword$_selectOptionByValue_closure1.call(SelectOptionByValueKeyword.groovy)&#xa;	at com.kms.katalon.core.webui.keyword.internal.WebUIKeywordMain.runKeyword(WebUIKeywordMain.groovy:35)&#xa;	at com.kms.katalon.core.webui.keyword.builtin.SelectOptionByValueKeyword.selectOptionByValue(SelectOptionByValueKeyword.groovy:69)&#xa;	at com.kms.katalon.core.webui.keyword.builtin.SelectOptionByValueKeyword.execute(SelectOptionByValueKeyword.groovy:42)&#xa;	at com.kms.katalon.core.keyword.internal.KeywordExecutor.executeKeywordForPlatform(KeywordExecutor.groovy:74)&#xa;	at com.kms.katalon.core.webui.keyword.WebUiBuiltInKeywords.selectOptionByValue(WebUiBuiltInKeywords.groovy:1244)&#xa;	at Script1741840234352.run(Script1741840234352.groovy:38)&#xa;	... 18 more&#xa;)&#xa;	at com.kms.katalon.core.keyword.internal.KeywordMain.stepFailed(KeywordMain.groovy:39)&#xa;	at com.kms.katalon.core.webui.keyword.internal.WebUIKeywordMain.stepFailed(WebUIKeywordMain.groovy:117)&#xa;	at com.kms.katalon.core.webui.keyword.internal.WebUIKeywordMain.runKeyword(WebUIKeywordMain.groovy:43)&#xa;	at com.kms.katalon.core.webui.keyword.builtin.SelectOptionByValueKeyword.selectOptionByValue(SelectOptionByValueKeyword.groovy:69)&#xa;	at com.kms.katalon.core.webui.keyword.builtin.SelectOptionByValueKeyword.execute(SelectOptionByValueKeyword.groovy:42)&#xa;	at com.kms.katalon.core.keyword.internal.KeywordExecutor.executeKeywordForPlatform(KeywordExecutor.groovy:74)&#xa;	at com.kms.katalon.core.webui.keyword.WebUiBuiltInKeywords.selectOptionByValue(WebUiBuiltInKeywords.groovy:1244)&#xa;	at TC_Amazon_ValidatePlacingAOrder_009.run(TC_Amazon_ValidatePlacingAOrder_009:38)&#xa;	at com.kms.katalon.core.main.ScriptEngine.run(ScriptEngine.java:194)&#xa;	at com.kms.katalon.core.main.ScriptEngine.runScriptAsRawText(ScriptEngine.java:119)&#xa;	at com.kms.katalon.core.main.TestCaseExecutor.runScript(TestCaseExecutor.java:448)&#xa;	at com.kms.katalon.core.main.TestCaseExecutor.doExecute(TestCaseExecutor.java:439)&#xa;	at com.kms.katalon.core.main.TestCaseExecutor.processExecutionPhase(TestCaseExecutor.java:418)&#xa;	at com.kms.katalon.core.main.TestCaseExecutor.accessMainPhase(TestCaseExecutor.java:410)&#xa;	at com.kms.katalon.core.main.TestCaseExecutor.execute(TestCaseExecutor.java:285)&#xa;	at com.kms.katalon.core.main.TestCaseExecutor.execute(TestCaseExecutor.java:369)&#xa;	at com.kms.katalon.core.main.TestCaseExecutor.execute(TestCaseExecutor.java:369)&#xa;	at com.kms.katalon.core.main.TestCaseExecutor.execute(TestCaseExecutor.java:369)&#xa;	at com.kms.katalon.core.common.CommonExecutor.accessTestCaseMainPhase(CommonExecutor.java:71)&#xa;	at com.kms.katalon.core.main.TestSuiteExecutor.accessTestSuiteMainPhase(TestSuiteExecutor.java:160)&#xa;	at com.kms.katalon.core.main.TestSuiteExecutor.execute(TestSuiteExecutor.java:107)&#xa;	at com.kms.katalon.core.main.TestCaseMain.startTestSuite(TestCaseMain.java:180)&#xa;	at TempTestSuite1742523221089.run(TempTestSuite1742523221089.groovy:35)&#xa;	at java.base/jdk.internal.reflect.NativeMethodAccessorImpl.invoke0(Native Method)&#xa;	at java.base/jdk.internal.reflect.NativeMethodAccessorImpl.invoke(NativeMethodAccessorImpl.java:77)&#xa;	at java.base/jdk.internal.reflect.DelegatingMethodAccessorImpl.invoke(DelegatingMethodAccessorImpl.java:43)&#xa;Caused by: com.kms.katalon.core.exception.StepFailedException: Unable to select option by value 'search-alias=stripbooks' of object 'Object Repository/Amazon_ValidatingPlacingAOrder_OR/Page_Online Shopping site in India Shop Onl_10c5f3/select_All Categories        Alexa Skills  _59be89'  using regular expression&#xa;	... 25 more&#xa;Caused by: org.openqa.selenium.ElementNotInteractableException: Element &lt;option> could not be scrolled into view&#xa;Build info: version: '4.22.0', revision: 'c5f3146703'&#xa;System info: os.name: 'Windows 11', os.arch: 'amd64', os.version: '10.0', java.version: '17.0.13'&#xa;Driver info: com.kms.katalon.selenium.driver.CFirefoxDriver&#xa;Command: [fa81461b-03a5-45b3-b016-6ca0f43ab4a2, clickElement {id=363bae58-577e-4dd3-9de8-6451f2bbf97c}]&#xa;Capabilities {acceptInsecureCerts: true, browserName: firefox, browserVersion: 136.0.2, moz:accessibilityChecks: false, moz:buildID: 20250317120031, moz:debuggerAddress: 127.0.0.1:20477, moz:geckodriverVersion: 0.36.0, moz:headless: false, moz:platformVersion: 10.0, moz:processID: 10900, moz:profile: C:\Users\Asus\AppData\Local..., moz:shutdownTimeout: 60000, moz:webdriverClick: true, moz:windowless: false, pageLoadStrategy: normal, platformName: windows, proxy: Proxy(), se:cdp: ws://127.0.0.1:20477/devtoo..., se:cdpVersion: 85.0, setWindowRect: true, strictFileInteractability: false, timeouts: {implicit: 0, pageLoad: 300000, script: 30000}, unhandledPromptBehavior: ignore, userAgent: Mozilla/5.0 (Windows NT 10...., webSocketUrl: ws://127.0.0.1:20477/sessio...}&#xa;Element: [[[[CFirefoxDriver: firefox on windows (fa81461b-03a5-45b3-b016-6ca0f43ab4a2)] -> xpath: //select[@id='searchDropdownBox']]] -> tag name: option]&#xa;Session ID: fa81461b-03a5-45b3-b016-6ca0f43ab4a2&#xa;	at java.base/jdk.internal.reflect.NativeConstructorAccessorImpl.newInstance0(Native Method)&#xa;	at java.base/jdk.internal.reflect.NativeConstructorAccessorImpl.newInstance(NativeConstructorAccessorImpl.java:77)&#xa;	at java.base/jdk.internal.reflect.DelegatingConstructorAccessorImpl.newInstance(DelegatingConstructorAccessorImpl.java:45)&#xa;	at org.openqa.selenium.remote.ErrorCodec.decode(ErrorCodec.java:167)&#xa;	at org.openqa.selenium.remote.codec.w3c.W3CHttpResponseCodec.decode(W3CHttpResponseCodec.java:138)&#xa;	at org.openqa.selenium.remote.codec.w3c.W3CHttpResponseCodec.decode(W3CHttpResponseCodec.java:50)&#xa;	at org.openqa.selenium.remote.HttpCommandExecutor.execute(HttpCommandExecutor.java:190)&#xa;	at org.openqa.selenium.remote.service.DriverCommandExecutor.invokeExecute(DriverCommandExecutor.java:216)&#xa;	at org.openqa.selenium.remote.service.DriverCommandExecutor.execute(DriverCommandExecutor.java:174)&#xa;	at org.openqa.selenium.remote.RemoteWebDriver.execute(RemoteWebDriver.java:518)&#xa;	at org.openqa.selenium.remote.RemoteWebElement.execute(RemoteWebElement.java:223)&#xa;	at org.openqa.selenium.remote.RemoteWebElement.click(RemoteWebElement.java:76)&#xa;	at jdk.internal.reflect.GeneratedMethodAccessor30.invoke(Unknown Source)&#xa;	at java.base/jdk.internal.reflect.DelegatingMethodAccessorImpl.invoke(DelegatingMethodAccessorImpl.java:43)&#xa;	at org.openqa.selenium.support.decorators.WebDriverDecorator.call(WebDriverDecorator.java:249)&#xa;	at org.openqa.selenium.support.decorators.DefaultDecorated.call(DefaultDecorated.java:48)&#xa;	at org.openqa.selenium.support.decorators.WebDriverDecorator.lambda$createProxy$2(WebDriverDecorator.java:321)&#xa;	at net.bytebuddy.renamed.java.lang.Object$ByteBuddy$DljqZ5Tf.click(Unknown Source)&#xa;	at org.openqa.selenium.support.ui.Select.setSelected(Select.java:315)&#xa;	at org.openqa.selenium.support.ui.Select.setSelectedByIndex(Select.java:299)&#xa;	at org.openqa.selenium.support.ui.Select.selectByIndex(Select.java:179)&#xa;	at com.kms.katalon.core.webui.common.WebUiCommonHelper.selectOrDeselectOptionsByValueByRegularExpression(WebUiCommonHelper.java:294)&#xa;	at com.kms.katalon.core.webui.common.WebUiCommonHelper.selectOrDeselectOptionsByValue(WebUiCommonHelper.java:273)&#xa;	at com.kms.katalon.core.webui.common.WebUiCommonHelper$selectOrDeselectOptionsByValue.call(Unknown Source)&#xa;	at com.kms.katalon.core.webui.keyword.builtin.SelectOptionByValueKeyword.selectOrDeselectOptionsByValue(SelectOptionByValueKeyword.groovy:80)&#xa;	at com.kms.katalon.core.webui.keyword.builtin.SelectOptionByValueKeyword.access$0(SelectOptionByValueKeyword.groovy)&#xa;	at com.kms.katalon.core.webui.keyword.builtin.SelectOptionByValueKeyword$_selectOptionByValue_closure1.doCall(SelectOptionByValueKeyword.groovy:58)&#xa;	at com.kms.katalon.core.webui.keyword.builtin.SelectOptionByValueKeyword$_selectOptionByValue_closure1.call(SelectOptionByValueKeyword.groovy)&#xa;	at com.kms.katalon.core.webui.keyword.internal.WebUIKeywordMain.runKeyword(WebUIKeywordMain.groovy:35)&#xa;	... 23 more&#xa;"/>
         <system-out><![CDATA[21-03-2025T07:58:45 - [TEST_CASE][FAILED] - Test Cases/TC_Amazon_ValidatePlacingAOrder_009: Test Cases/TC_Amazon_ValidatePlacingAOrder_009 FAILED.
Reason:
com.kms.katalon.core.exception.StepFailedException: Unable to select option by value 'search-alias=stripbooks' of object 'Object Repository/Amazon_ValidatingPlacingAOrder_OR/Page_Online Shopping site in India Shop Onl_10c5f3/select_All Categories        Alexa Skills  _59be89'  using regular expression (Root cause: com.kms.katalon.core.exception.StepFailedException: Unable to select option by value 'search-alias=stripbooks' of object 'Object Repository/Amazon_ValidatingPlacingAOrder_OR/Page_Online Shopping site in India Shop Onl_10c5f3/select_All Categories        Alexa Skills  _59be89'  using regular expression
	at com.kms.katalon.core.webui.keyword.internal.WebUIKeywordMain.stepFailed(WebUIKeywordMain.groovy:117)
	at com.kms.katalon.core.webui.keyword.internal.WebUIKeywordMain.runKeyword(WebUIKeywordMain.groovy:43)
	at com.kms.katalon.core.webui.keyword.builtin.SelectOptionByValueKeyword.selectOptionByValue(SelectOptionByValueKeyword.groovy:69)
	at com.kms.katalon.core.webui.keyword.builtin.SelectOptionByValueKeyword.execute(SelectOptionByValueKeyword.groovy:42)
	at com.kms.katalon.core.keyword.internal.KeywordExecutor.executeKeywordForPlatform(KeywordExecutor.groovy:74)
	at com.kms.katalon.core.webui.keyword.WebUiBuiltInKeywords.selectOptionByValue(WebUiBuiltInKeywords.groovy:1244)
	at TC_Amazon_ValidatePlacingAOrder_009.run(TC_Amazon_ValidatePlacingAOrder_009:38)
	at com.kms.katalon.core.main.ScriptEngine.run(ScriptEngine.java:194)
	at com.kms.katalon.core.main.ScriptEngine.runScriptAsRawText(ScriptEngine.java:119)
	at com.kms.katalon.core.main.TestCaseExecutor.runScript(TestCaseExecutor.java:448)
	at com.kms.katalon.core.main.TestCaseExecutor.doExecute(TestCaseExecutor.java:439)
	at com.kms.katalon.core.main.TestCaseExecutor.processExecutionPhase(TestCaseExecutor.java:418)
	at com.kms.katalon.core.main.TestCaseExecutor.accessMainPhase(TestCaseExecutor.java:410)
	at com.kms.katalon.core.main.TestCaseExecutor.execute(TestCaseExecutor.java:285)
	at com.kms.katalon.core.main.TestCaseExecutor.execute(TestCaseExecutor.java:369)
	at com.kms.katalon.core.main.TestCaseExecutor.execute(TestCaseExecutor.java:369)
	at com.kms.katalon.core.main.TestCaseExecutor.execute(TestCaseExecutor.java:369)
	at com.kms.katalon.core.common.CommonExecutor.accessTestCaseMainPhase(CommonExecutor.java:71)
	at com.kms.katalon.core.main.TestSuiteExecutor.accessTestSuiteMainPhase(TestSuiteExecutor.java:160)
	at com.kms.katalon.core.main.TestSuiteExecutor.execute(TestSuiteExecutor.java:107)
	at com.kms.katalon.core.main.TestCaseMain.startTestSuite(TestCaseMain.java:180)
	at TempTestSuite1742523221089.run(TempTestSuite1742523221089.groovy:35)
	at java.base/jdk.internal.reflect.NativeMethodAccessorImpl.invoke0(Native Method)
	at java.base/jdk.internal.reflect.NativeMethodAccessorImpl.invoke(NativeMethodAccessorImpl.java:77)
	at java.base/jdk.internal.reflect.DelegatingMethodAccessorImpl.invoke(DelegatingMethodAccessorImpl.java:43)
Caused by: org.openqa.selenium.ElementNotInteractableException: Element <option> could not be scrolled into view
Build info: version: '4.22.0', revision: 'c5f3146703'
System info: os.name: 'Windows 11', os.arch: 'amd64', os.version: '10.0', java.version: '17.0.13'
Driver info: com.kms.katalon.selenium.driver.CFirefoxDriver
Command: [fa81461b-03a5-45b3-b016-6ca0f43ab4a2, clickElement {id=363bae58-577e-4dd3-9de8-6451f2bbf97c}]
Capabilities {acceptInsecureCerts: true, browserName: firefox, browserVersion: 136.0.2, moz:accessibilityChecks: false, moz:buildID: 20250317120031, moz:debuggerAddress: 127.0.0.1:20477, moz:geckodriverVersion: 0.36.0, moz:headless: false, moz:platformVersion: 10.0, moz:processID: 10900, moz:profile: C:\Users\Asus\AppData\Local..., moz:shutdownTimeout: 60000, moz:webdriverClick: true, moz:windowless: false, pageLoadStrategy: normal, platformName: windows, proxy: Proxy(), se:cdp: ws://127.0.0.1:20477/devtoo..., se:cdpVersion: 85.0, setWindowRect: true, strictFileInteractability: false, timeouts: {implicit: 0, pageLoad: 300000, script: 30000}, unhandledPromptBehavior: ignore, userAgent: Mozilla/5.0 (Windows NT 10...., webSocketUrl: ws://127.0.0.1:20477/sessio...}
Element: [[[[CFirefoxDriver: firefox on windows (fa81461b-03a5-45b3-b016-6ca0f43ab4a2)] -> xpath: //select[@id='searchDropdownBox']]] -> tag name: option]
Session ID: fa81461b-03a5-45b3-b016-6ca0f43ab4a2
	at java.base/jdk.internal.reflect.NativeConstructorAccessorImpl.newInstance0(Native Method)
	at java.base/jdk.internal.reflect.NativeConstructorAccessorImpl.newInstance(NativeConstructorAccessorImpl.java:77)
	at java.base/jdk.internal.reflect.DelegatingConstructorAccessorImpl.newInstance(DelegatingConstructorAccessorImpl.java:45)
	at org.openqa.selenium.remote.ErrorCodec.decode(ErrorCodec.java:167)
	at org.openqa.selenium.remote.codec.w3c.W3CHttpResponseCodec.decode(W3CHttpResponseCodec.java:138)
	at org.openqa.selenium.remote.codec.w3c.W3CHttpResponseCodec.decode(W3CHttpResponseCodec.java:50)
	at org.openqa.selenium.remote.HttpCommandExecutor.execute(HttpCommandExecutor.java:190)
	at org.openqa.selenium.remote.service.DriverCommandExecutor.invokeExecute(DriverCommandExecutor.java:216)
	at org.openqa.selenium.remote.service.DriverCommandExecutor.execute(DriverCommandExecutor.java:174)
	at org.openqa.selenium.remote.RemoteWebDriver.execute(RemoteWebDriver.java:518)
	at org.openqa.selenium.remote.RemoteWebElement.execute(RemoteWebElement.java:223)
	at org.openqa.selenium.remote.RemoteWebElement.click(RemoteWebElement.java:76)
	at jdk.internal.reflect.GeneratedMethodAccessor30.invoke(Unknown Source)
	at java.base/jdk.internal.reflect.DelegatingMethodAccessorImpl.invoke(DelegatingMethodAccessorImpl.java:43)
	at org.openqa.selenium.support.decorators.WebDriverDecorator.call(WebDriverDecorator.java:249)
	at org.openqa.selenium.support.decorators.DefaultDecorated.call(DefaultDecorated.java:48)
	at org.openqa.selenium.support.decorators.WebDriverDecorator.lambda$createProxy$2(WebDriverDecorator.java:321)
	at net.bytebuddy.renamed.java.lang.Object$ByteBuddy$DljqZ5Tf.click(Unknown Source)
	at org.openqa.selenium.support.ui.Select.setSelected(Select.java:315)
	at org.openqa.selenium.support.ui.Select.setSelectedByIndex(Select.java:299)
	at org.openqa.selenium.support.ui.Select.selectByIndex(Select.java:179)
	at com.kms.katalon.core.webui.common.WebUiCommonHelper.selectOrDeselectOptionsByValueByRegularExpression(WebUiCommonHelper.java:294)
	at com.kms.katalon.core.webui.common.WebUiCommonHelper.selectOrDeselectOptionsByValue(WebUiCommonHelper.java:273)
	at com.kms.katalon.core.webui.common.WebUiCommonHelper$selectOrDeselectOptionsByValue.call(Unknown Source)
	at com.kms.katalon.core.webui.keyword.builtin.SelectOptionByValueKeyword.selectOrDeselectOptionsByValue(SelectOptionByValueKeyword.groovy:80)
	at com.kms.katalon.core.webui.keyword.builtin.SelectOptionByValueKeyword.access$0(SelectOptionByValueKeyword.groovy)
	at com.kms.katalon.core.webui.keyword.builtin.SelectOptionByValueKeyword$_selectOptionByValue_closure1.doCall(SelectOptionByValueKeyword.groovy:58)
	at com.kms.katalon.core.webui.keyword.builtin.SelectOptionByValueKeyword$_selectOptionByValue_closure1.call(SelectOptionByValueKeyword.groovy)
	at com.kms.katalon.core.webui.keyword.internal.WebUIKeywordMain.runKeyword(WebUIKeywordMain.groovy:35)
	at com.kms.katalon.core.webui.keyword.builtin.SelectOptionByValueKeyword.selectOptionByValue(SelectOptionByValueKeyword.groovy:69)
	at com.kms.katalon.core.webui.keyword.builtin.SelectOptionByValueKeyword.execute(SelectOptionByValueKeyword.groovy:42)
	at com.kms.katalon.core.keyword.internal.KeywordExecutor.executeKeywordForPlatform(KeywordExecutor.groovy:74)
	at com.kms.katalon.core.webui.keyword.WebUiBuiltInKeywords.selectOptionByValue(WebUiBuiltInKeywords.groovy:1244)
	at Script1741840234352.run(Script1741840234352.groovy:38)
	... 18 more
)
	at com.kms.katalon.core.keyword.internal.KeywordMain.stepFailed(KeywordMain.groovy:39)
	at com.kms.katalon.core.webui.keyword.internal.WebUIKeywordMain.stepFailed(WebUIKeywordMain.groovy:117)
	at com.kms.katalon.core.webui.keyword.internal.WebUIKeywordMain.runKeyword(WebUIKeywordMain.groovy:43)
	at com.kms.katalon.core.webui.keyword.builtin.SelectOptionByValueKeyword.selectOptionByValue(SelectOptionByValueKeyword.groovy:69)
	at com.kms.katalon.core.webui.keyword.builtin.SelectOptionByValueKeyword.execute(SelectOptionByValueKeyword.groovy:42)
	at com.kms.katalon.core.keyword.internal.KeywordExecutor.executeKeywordForPlatform(KeywordExecutor.groovy:74)
	at com.kms.katalon.core.webui.keyword.WebUiBuiltInKeywords.selectOptionByValue(WebUiBuiltInKeywords.groovy:1244)
	at TC_Amazon_ValidatePlacingAOrder_009.run(TC_Amazon_ValidatePlacingAOrder_009:38)
	at com.kms.katalon.core.main.ScriptEngine.run(ScriptEngine.java:194)
	at com.kms.katalon.core.main.ScriptEngine.runScriptAsRawText(ScriptEngine.java:119)
	at com.kms.katalon.core.main.TestCaseExecutor.runScript(TestCaseExecutor.java:448)
	at com.kms.katalon.core.main.TestCaseExecutor.doExecute(TestCaseExecutor.java:439)
	at com.kms.katalon.core.main.TestCaseExecutor.processExecutionPhase(TestCaseExecutor.java:418)
	at com.kms.katalon.core.main.TestCaseExecutor.accessMainPhase(TestCaseExecutor.java:410)
	at com.kms.katalon.core.main.TestCaseExecutor.execute(TestCaseExecutor.java:285)
	at com.kms.katalon.core.main.TestCaseExecutor.execute(TestCaseExecutor.java:369)
	at com.kms.katalon.core.main.TestCaseExecutor.execute(TestCaseExecutor.java:369)
	at com.kms.katalon.core.main.TestCaseExecutor.execute(TestCaseExecutor.java:369)
	at com.kms.katalon.core.common.CommonExecutor.accessTestCaseMainPhase(CommonExecutor.java:71)
	at com.kms.katalon.core.main.TestSuiteExecutor.accessTestSuiteMainPhase(TestSuiteExecutor.java:160)
	at com.kms.katalon.core.main.TestSuiteExecutor.execute(TestSuiteExecutor.java:107)
	at com.kms.katalon.core.main.TestCaseMain.startTestSuite(TestCaseMain.java:180)
	at TempTestSuite1742523221089.run(TempTestSuite1742523221089.groovy:35)
	at java.base/jdk.internal.reflect.NativeMethodAccessorImpl.invoke0(Native Method)
	at java.base/jdk.internal.reflect.NativeMethodAccessorImpl.invoke(NativeMethodAccessorImpl.java:77)
	at java.base/jdk.internal.reflect.DelegatingMethodAccessorImpl.invoke(DelegatingMethodAccessorImpl.java:43)
Caused by: com.kms.katalon.core.exception.StepFailedException: Unable to select option by value 'search-alias=stripbooks' of object 'Object Repository/Amazon_ValidatingPlacingAOrder_OR/Page_Online Shopping site in India Shop Onl_10c5f3/select_All Categories        Alexa Skills  _59be89'  using regular expression
	... 25 more
Caused by: org.openqa.selenium.ElementNotInteractableException: Element <option> could not be scrolled into view
Build info: version: '4.22.0', revision: 'c5f3146703'
System info: os.name: 'Windows 11', os.arch: 'amd64', os.version: '10.0', java.version: '17.0.13'
Driver info: com.kms.katalon.selenium.driver.CFirefoxDriver
Command: [fa81461b-03a5-45b3-b016-6ca0f43ab4a2, clickElement {id=363bae58-577e-4dd3-9de8-6451f2bbf97c}]
Capabilities {acceptInsecureCerts: true, browserName: firefox, browserVersion: 136.0.2, moz:accessibilityChecks: false, moz:buildID: 20250317120031, moz:debuggerAddress: 127.0.0.1:20477, moz:geckodriverVersion: 0.36.0, moz:headless: false, moz:platformVersion: 10.0, moz:processID: 10900, moz:profile: C:\Users\Asus\AppData\Local..., moz:shutdownTimeout: 60000, moz:webdriverClick: true, moz:windowless: false, pageLoadStrategy: normal, platformName: windows, proxy: Proxy(), se:cdp: ws://127.0.0.1:20477/devtoo..., se:cdpVersion: 85.0, setWindowRect: true, strictFileInteractability: false, timeouts: {implicit: 0, pageLoad: 300000, script: 30000}, unhandledPromptBehavior: ignore, userAgent: Mozilla/5.0 (Windows NT 10...., webSocketUrl: ws://127.0.0.1:20477/sessio...}
Element: [[[[CFirefoxDriver: firefox on windows (fa81461b-03a5-45b3-b016-6ca0f43ab4a2)] -> xpath: //select[@id='searchDropdownBox']]] -> tag name: option]
Session ID: fa81461b-03a5-45b3-b016-6ca0f43ab4a2
	at java.base/jdk.internal.reflect.NativeConstructorAccessorImpl.newInstance0(Native Method)
	at java.base/jdk.internal.reflect.NativeConstructorAccessorImpl.newInstance(NativeConstructorAccessorImpl.java:77)
	at java.base/jdk.internal.reflect.DelegatingConstructorAccessorImpl.newInstance(DelegatingConstructorAccessorImpl.java:45)
	at org.openqa.selenium.remote.ErrorCodec.decode(ErrorCodec.java:167)
	at org.openqa.selenium.remote.codec.w3c.W3CHttpResponseCodec.decode(W3CHttpResponseCodec.java:138)
	at org.openqa.selenium.remote.codec.w3c.W3CHttpResponseCodec.decode(W3CHttpResponseCodec.java:50)
	at org.openqa.selenium.remote.HttpCommandExecutor.execute(HttpCommandExecutor.java:190)
	at org.openqa.selenium.remote.service.DriverCommandExecutor.invokeExecute(DriverCommandExecutor.java:216)
	at org.openqa.selenium.remote.service.DriverCommandExecutor.execute(DriverCommandExecutor.java:174)
	at org.openqa.selenium.remote.RemoteWebDriver.execute(RemoteWebDriver.java:518)
	at org.openqa.selenium.remote.RemoteWebElement.execute(RemoteWebElement.java:223)
	at org.openqa.selenium.remote.RemoteWebElement.click(RemoteWebElement.java:76)
	at jdk.internal.reflect.GeneratedMethodAccessor30.invoke(Unknown Source)
	at java.base/jdk.internal.reflect.DelegatingMethodAccessorImpl.invoke(DelegatingMethodAccessorImpl.java:43)
	at org.openqa.selenium.support.decorators.WebDriverDecorator.call(WebDriverDecorator.java:249)
	at org.openqa.selenium.support.decorators.DefaultDecorated.call(DefaultDecorated.java:48)
	at org.openqa.selenium.support.decorators.WebDriverDecorator.lambda$createProxy$2(WebDriverDecorator.java:321)
	at net.bytebuddy.renamed.java.lang.Object$ByteBuddy$DljqZ5Tf.click(Unknown Source)
	at org.openqa.selenium.support.ui.Select.setSelected(Select.java:315)
	at org.openqa.selenium.support.ui.Select.setSelectedByIndex(Select.java:299)
	at org.openqa.selenium.support.ui.Select.selectByIndex(Select.java:179)
	at com.kms.katalon.core.webui.common.WebUiCommonHelper.selectOrDeselectOptionsByValueByRegularExpression(WebUiCommonHelper.java:294)
	at com.kms.katalon.core.webui.common.WebUiCommonHelper.selectOrDeselectOptionsByValue(WebUiCommonHelper.java:273)
	at com.kms.katalon.core.webui.common.WebUiCommonHelper$selectOrDeselectOptionsByValue.call(Unknown Source)
	at com.kms.katalon.core.webui.keyword.builtin.SelectOptionByValueKeyword.selectOrDeselectOptionsByValue(SelectOptionByValueKeyword.groovy:80)
	at com.kms.katalon.core.webui.keyword.builtin.SelectOptionByValueKeyword.access$0(SelectOptionByValueKeyword.groovy)
	at com.kms.katalon.core.webui.keyword.builtin.SelectOptionByValueKeyword$_selectOptionByValue_closure1.doCall(SelectOptionByValueKeyword.groovy:58)
	at com.kms.katalon.core.webui.keyword.builtin.SelectOptionByValueKeyword$_selectOptionByValue_closure1.call(SelectOptionByValueKeyword.groovy)
	at com.kms.katalon.core.webui.keyword.internal.WebUIKeywordMain.runKeyword(WebUIKeywordMain.groovy:35)
	... 23 more


21-03-2025T07:58:45 - [TEST_STEP][PASSED] - openBrowser(""): Browser is opened with url: ''

21-03-2025T07:58:45 - [MESSAGE][INFO] - Starting 'Firefox' driver

21-03-2025T07:58:45 - [MESSAGE][INFO] - Action delay is set to 0 milliseconds

21-03-2025T07:58:50 - [MESSAGE][PASSED] - Browser is opened with url: ''

21-03-2025T07:58:50 - [TEST_STEP][PASSED] - navigateToUrl("https://www.amazon.in/"): Navigate to 'https://www.amazon.in/' successfully

21-03-2025T07:58:53 - [MESSAGE][PASSED] - Navigate to 'https://www.amazon.in/' successfully

21-03-2025T07:58:53 - [TEST_STEP][PASSED] - mouseOver(findTestObject("Amazon_ValidatingPlacingAOrder_OR/Page_Online Shopping site in India Shop Online for Mobiles, Books, Watches, Shoes and More - Amazon.in/span_Account  Lists")): Object: 'Object Repository/Amazon_ValidatingPlacingAOrder_OR/Page_Online Shopping site in India Shop Online for Mobiles, Books, Watches, Shoes and More - Amazon.in/span_Account  Lists' is hovered

21-03-2025T07:58:55 - [MESSAGE][PASSED] - Object: 'Object Repository/Amazon_ValidatingPlacingAOrder_OR/Page_Online Shopping site in India Shop Online for Mobiles, Books, Watches, Shoes and More - Amazon.in/span_Account  Lists' is hovered

21-03-2025T07:58:55 - [TEST_STEP][PASSED] - click(findTestObject("Object Repository/Amazon_ValidatingPlacingAOrder_OR/Page_Online Shopping site in India Shop Onl_10c5f3/span_Sign in")): Object: 'Object Repository/Amazon_ValidatingPlacingAOrder_OR/Page_Online Shopping site in India Shop Onl_10c5f3/span_Sign in' is clicked on

21-03-2025T07:58:57 - [MESSAGE][PASSED] - Object: 'Object Repository/Amazon_ValidatingPlacingAOrder_OR/Page_Online Shopping site in India Shop Onl_10c5f3/span_Sign in' is clicked on

21-03-2025T07:58:57 - [TEST_STEP][PASSED] - setText(findTestObject("Object Repository/Amazon_ValidatingPlacingAOrder_OR/Page_Amazon Sign In/input_Email or mobile phone number_email"), "8765257308"): Text '8765257308' is set on object 'Object Repository/Amazon_ValidatingPlacingAOrder_OR/Page_Amazon Sign In/input_Email or mobile phone number_email'

21-03-2025T07:59:28 - [MESSAGE][INFO] - Unable to find the element located by 'By.xpath: //input[@id='ap_email']'. Please recheck the objects properties to make sure the desired element is located. 

21-03-2025T07:59:28 - [MESSAGE][WARNING] - [SELF-HEALING] Failed to find element with id 'Object Repository/Amazon_ValidatingPlacingAOrder_OR/Page_Amazon Sign In/input_Email or mobile phone number_email'. Try using Self-healing.

21-03-2025T07:59:28 - [MESSAGE][WARNING] - [SELF-HEALING] The current locator of test object 'Object Repository/Amazon_ValidatingPlacingAOrder_OR/Page_Amazon Sign In/input_Email or mobile phone number_email' was broken. Propose an alternative one: '//div/input'.

21-03-2025T07:59:59 - [MESSAGE][INFO] - Unable to find the element located by 'By.xpath: //input[@id='ap_email']'. Please recheck the objects properties to make sure the desired element is located. 

21-03-2025T07:59:59 - [MESSAGE][WARNING] - [SELF-HEALING] Failed to find element with id 'Object Repository/Amazon_ValidatingPlacingAOrder_OR/Page_Amazon Sign In/input_Email or mobile phone number_email'. Try using Self-healing.

21-03-2025T08:00:00 - [MESSAGE][WARNING] - [SELF-HEALING] The current locator of test object 'Object Repository/Amazon_ValidatingPlacingAOrder_OR/Page_Amazon Sign In/input_Email or mobile phone number_email' was broken. Propose an alternative one: '//div/input'.

21-03-2025T08:00:00 - [MESSAGE][PASSED] - Text '8765257308' is set on object 'Object Repository/Amazon_ValidatingPlacingAOrder_OR/Page_Amazon Sign In/input_Email or mobile phone number_email'

21-03-2025T08:00:00 - [TEST_STEP][PASSED] - click(findTestObject("Object Repository/Amazon_ValidatingPlacingAOrder_OR/Page_Amazon Sign In/input_Wrong or Invalid email address or mob_77ed40")): Object: 'Object Repository/Amazon_ValidatingPlacingAOrder_OR/Page_Amazon Sign In/input_Wrong or Invalid email address or mob_77ed40' is clicked on

21-03-2025T08:00:31 - [MESSAGE][INFO] - Unable to find the element located by 'By.xpath: //input[@id='continue']'. Please recheck the objects properties to make sure the desired element is located. 

21-03-2025T08:00:31 - [MESSAGE][WARNING] - [SELF-HEALING] Failed to find element with id 'Object Repository/Amazon_ValidatingPlacingAOrder_OR/Page_Amazon Sign In/input_Wrong or Invalid email address or mob_77ed40'. Try using Self-healing.

21-03-2025T08:00:31 - [MESSAGE][WARNING] - [SELF-HEALING] The current locator of test object 'Object Repository/Amazon_ValidatingPlacingAOrder_OR/Page_Amazon Sign In/input_Wrong or Invalid email address or mob_77ed40' was broken. Propose an alternative one: '//span[@id='continue']/span/input'.

21-03-2025T08:00:33 - [MESSAGE][PASSED] - Object: 'Object Repository/Amazon_ValidatingPlacingAOrder_OR/Page_Amazon Sign In/input_Wrong or Invalid email address or mob_77ed40' is clicked on

21-03-2025T08:00:33 - [TEST_STEP][PASSED] - setEncryptedText(findTestObject("Object Repository/Amazon_ValidatingPlacingAOrder_OR/Page_Amazon Sign In/input_Forgot password_password"), "FJEEn2Q6rEqImg+RR4ytGA=="): Text ****** has been set on object 'Object Repository/Amazon_ValidatingPlacingAOrder_OR/Page_Amazon Sign In/input_Forgot password_password'

21-03-2025T08:00:33 - [MESSAGE][PASSED] - Text ****** has been set on object 'Object Repository/Amazon_ValidatingPlacingAOrder_OR/Page_Amazon Sign In/input_Forgot password_password'

21-03-2025T08:00:33 - [TEST_STEP][PASSED] - click(findTestObject("Object Repository/Amazon_ValidatingPlacingAOrder_OR/Page_Amazon Sign In/input_Enter your password_signInSubmit")): Object: 'Object Repository/Amazon_ValidatingPlacingAOrder_OR/Page_Amazon Sign In/input_Enter your password_signInSubmit' is clicked on

21-03-2025T08:00:36 - [MESSAGE][PASSED] - Object: 'Object Repository/Amazon_ValidatingPlacingAOrder_OR/Page_Amazon Sign In/input_Enter your password_signInSubmit' is clicked on

21-03-2025T08:00:36 - [TEST_STEP][FAILED] - selectOptionByValue(findTestObject("Object Repository/Amazon_ValidatingPlacingAOrder_OR/Page_Online Shopping site in India Shop Onl_10c5f3/select_All Categories        Alexa Skills  _59be89"), "search-alias=stripbooks", true): Unable to select option by value 'search-alias=stripbooks' of object 'Object Repository/Amazon_ValidatingPlacingAOrder_OR/Page_Online Shopping site in India Shop Onl_10c5f3/select_All Categories        Alexa Skills  _59be89'  using regular expression (Root cause: com.kms.katalon.core.exception.StepFailedException: Unable to select option by value 'search-alias=stripbooks' of object 'Object Repository/Amazon_ValidatingPlacingAOrder_OR/Page_Online Shopping site in India Shop Onl_10c5f3/select_All Categories        Alexa Skills  _59be89'  using regular expression
	at com.kms.katalon.core.webui.keyword.internal.WebUIKeywordMain.stepFailed(WebUIKeywordMain.groovy:117)
	at com.kms.katalon.core.webui.keyword.internal.WebUIKeywordMain.runKeyword(WebUIKeywordMain.groovy:43)
	at com.kms.katalon.core.webui.keyword.builtin.SelectOptionByValueKeyword.selectOptionByValue(SelectOptionByValueKeyword.groovy:69)
	at com.kms.katalon.core.webui.keyword.builtin.SelectOptionByValueKeyword.execute(SelectOptionByValueKeyword.groovy:42)
	at com.kms.katalon.core.keyword.internal.KeywordExecutor.executeKeywordForPlatform(KeywordExecutor.groovy:74)
	at com.kms.katalon.core.webui.keyword.WebUiBuiltInKeywords.selectOptionByValue(WebUiBuiltInKeywords.groovy:1244)
	at TC_Amazon_ValidatePlacingAOrder_009.run(TC_Amazon_ValidatePlacingAOrder_009:38)
	at com.kms.katalon.core.main.ScriptEngine.run(ScriptEngine.java:194)
	at com.kms.katalon.core.main.ScriptEngine.runScriptAsRawText(ScriptEngine.java:119)
	at com.kms.katalon.core.main.TestCaseExecutor.runScript(TestCaseExecutor.java:448)
	at com.kms.katalon.core.main.TestCaseExecutor.doExecute(TestCaseExecutor.java:439)
	at com.kms.katalon.core.main.TestCaseExecutor.processExecutionPhase(TestCaseExecutor.java:418)
	at com.kms.katalon.core.main.TestCaseExecutor.accessMainPhase(TestCaseExecutor.java:410)
	at com.kms.katalon.core.main.TestCaseExecutor.execute(TestCaseExecutor.java:285)
	at com.kms.katalon.core.main.TestCaseExecutor.execute(TestCaseExecutor.java:369)
	at com.kms.katalon.core.main.TestCaseExecutor.execute(TestCaseExecutor.java:369)
	at com.kms.katalon.core.main.TestCaseExecutor.execute(TestCaseExecutor.java:369)
	at com.kms.katalon.core.common.CommonExecutor.accessTestCaseMainPhase(CommonExecutor.java:71)
	at com.kms.katalon.core.main.TestSuiteExecutor.accessTestSuiteMainPhase(TestSuiteExecutor.java:160)
	at com.kms.katalon.core.main.TestSuiteExecutor.execute(TestSuiteExecutor.java:107)
	at com.kms.katalon.core.main.TestCaseMain.startTestSuite(TestCaseMain.java:180)
	at TempTestSuite1742523221089.run(TempTestSuite1742523221089.groovy:35)
	at java.base/jdk.internal.reflect.NativeMethodAccessorImpl.invoke0(Native Method)
	at java.base/jdk.internal.reflect.NativeMethodAccessorImpl.invoke(NativeMethodAccessorImpl.java:77)
	at java.base/jdk.internal.reflect.DelegatingMethodAccessorImpl.invoke(DelegatingMethodAccessorImpl.java:43)
Caused by: org.openqa.selenium.ElementNotInteractableException: Element <option> could not be scrolled into view
Build info: version: '4.22.0', revision: 'c5f3146703'
System info: os.name: 'Windows 11', os.arch: 'amd64', os.version: '10.0', java.version: '17.0.13'
Driver info: com.kms.katalon.selenium.driver.CFirefoxDriver
Command: [fa81461b-03a5-45b3-b016-6ca0f43ab4a2, clickElement {id=363bae58-577e-4dd3-9de8-6451f2bbf97c}]
Capabilities {acceptInsecureCerts: true, browserName: firefox, browserVersion: 136.0.2, moz:accessibilityChecks: false, moz:buildID: 20250317120031, moz:debuggerAddress: 127.0.0.1:20477, moz:geckodriverVersion: 0.36.0, moz:headless: false, moz:platformVersion: 10.0, moz:processID: 10900, moz:profile: C:\Users\Asus\AppData\Local..., moz:shutdownTimeout: 60000, moz:webdriverClick: true, moz:windowless: false, pageLoadStrategy: normal, platformName: windows, proxy: Proxy(), se:cdp: ws://127.0.0.1:20477/devtoo..., se:cdpVersion: 85.0, setWindowRect: true, strictFileInteractability: false, timeouts: {implicit: 0, pageLoad: 300000, script: 30000}, unhandledPromptBehavior: ignore, userAgent: Mozilla/5.0 (Windows NT 10...., webSocketUrl: ws://127.0.0.1:20477/sessio...}
Element: [[[[CFirefoxDriver: firefox on windows (fa81461b-03a5-45b3-b016-6ca0f43ab4a2)] -> xpath: //select[@id='searchDropdownBox']]] -> tag name: option]
Session ID: fa81461b-03a5-45b3-b016-6ca0f43ab4a2
	at java.base/jdk.internal.reflect.NativeConstructorAccessorImpl.newInstance0(Native Method)
	at java.base/jdk.internal.reflect.NativeConstructorAccessorImpl.newInstance(NativeConstructorAccessorImpl.java:77)
	at java.base/jdk.internal.reflect.DelegatingConstructorAccessorImpl.newInstance(DelegatingConstructorAccessorImpl.java:45)
	at org.openqa.selenium.remote.ErrorCodec.decode(ErrorCodec.java:167)
	at org.openqa.selenium.remote.codec.w3c.W3CHttpResponseCodec.decode(W3CHttpResponseCodec.java:138)
	at org.openqa.selenium.remote.codec.w3c.W3CHttpResponseCodec.decode(W3CHttpResponseCodec.java:50)
	at org.openqa.selenium.remote.HttpCommandExecutor.execute(HttpCommandExecutor.java:190)
	at org.openqa.selenium.remote.service.DriverCommandExecutor.invokeExecute(DriverCommandExecutor.java:216)
	at org.openqa.selenium.remote.service.DriverCommandExecutor.execute(DriverCommandExecutor.java:174)
	at org.openqa.selenium.remote.RemoteWebDriver.execute(RemoteWebDriver.java:518)
	at org.openqa.selenium.remote.RemoteWebElement.execute(RemoteWebElement.java:223)
	at org.openqa.selenium.remote.RemoteWebElement.click(RemoteWebElement.java:76)
	at jdk.internal.reflect.GeneratedMethodAccessor30.invoke(Unknown Source)
	at java.base/jdk.internal.reflect.DelegatingMethodAccessorImpl.invoke(DelegatingMethodAccessorImpl.java:43)
	at org.openqa.selenium.support.decorators.WebDriverDecorator.call(WebDriverDecorator.java:249)
	at org.openqa.selenium.support.decorators.DefaultDecorated.call(DefaultDecorated.java:48)
	at org.openqa.selenium.support.decorators.WebDriverDecorator.lambda$createProxy$2(WebDriverDecorator.java:321)
	at net.bytebuddy.renamed.java.lang.Object$ByteBuddy$DljqZ5Tf.click(Unknown Source)
	at org.openqa.selenium.support.ui.Select.setSelected(Select.java:315)
	at org.openqa.selenium.support.ui.Select.setSelectedByIndex(Select.java:299)
	at org.openqa.selenium.support.ui.Select.selectByIndex(Select.java:179)
	at com.kms.katalon.core.webui.common.WebUiCommonHelper.selectOrDeselectOptionsByValueByRegularExpression(WebUiCommonHelper.java:294)
	at com.kms.katalon.core.webui.common.WebUiCommonHelper.selectOrDeselectOptionsByValue(WebUiCommonHelper.java:273)
	at com.kms.katalon.core.webui.common.WebUiCommonHelper$selectOrDeselectOptionsByValue.call(Unknown Source)
	at com.kms.katalon.core.webui.keyword.builtin.SelectOptionByValueKeyword.selectOrDeselectOptionsByValue(SelectOptionByValueKeyword.groovy:80)
	at com.kms.katalon.core.webui.keyword.builtin.SelectOptionByValueKeyword.access$0(SelectOptionByValueKeyword.groovy)
	at com.kms.katalon.core.webui.keyword.builtin.SelectOptionByValueKeyword$_selectOptionByValue_closure1.doCall(SelectOptionByValueKeyword.groovy:58)
	at com.kms.katalon.core.webui.keyword.builtin.SelectOptionByValueKeyword$_selectOptionByValue_closure1.call(SelectOptionByValueKeyword.groovy)
	at com.kms.katalon.core.webui.keyword.internal.WebUIKeywordMain.runKeyword(WebUIKeywordMain.groovy:35)
	at com.kms.katalon.core.webui.keyword.builtin.SelectOptionByValueKeyword.selectOptionByValue(SelectOptionByValueKeyword.groovy:69)
	at com.kms.katalon.core.webui.keyword.builtin.SelectOptionByValueKeyword.execute(SelectOptionByValueKeyword.groovy:42)
	at com.kms.katalon.core.keyword.internal.KeywordExecutor.executeKeywordForPlatform(KeywordExecutor.groovy:74)
	at com.kms.katalon.core.webui.keyword.WebUiBuiltInKeywords.selectOptionByValue(WebUiBuiltInKeywords.groovy:1244)
	at Script1741840234352.run(Script1741840234352.groovy:38)
	... 18 more
)

21-03-2025T08:00:43 - [MESSAGE][FAILED] - Unable to select option by value 'search-alias=stripbooks' of object 'Object Repository/Amazon_ValidatingPlacingAOrder_OR/Page_Online Shopping site in India Shop Onl_10c5f3/select_All Categories        Alexa Skills  _59be89'  using regular expression (Root cause: com.kms.katalon.core.exception.StepFailedException: Unable to select option by value 'search-alias=stripbooks' of object 'Object Repository/Amazon_ValidatingPlacingAOrder_OR/Page_Online Shopping site in India Shop Onl_10c5f3/select_All Categories        Alexa Skills  _59be89'  using regular expression
	at com.kms.katalon.core.webui.keyword.internal.WebUIKeywordMain.stepFailed(WebUIKeywordMain.groovy:117)
	at com.kms.katalon.core.webui.keyword.internal.WebUIKeywordMain.runKeyword(WebUIKeywordMain.groovy:43)
	at com.kms.katalon.core.webui.keyword.builtin.SelectOptionByValueKeyword.selectOptionByValue(SelectOptionByValueKeyword.groovy:69)
	at com.kms.katalon.core.webui.keyword.builtin.SelectOptionByValueKeyword.execute(SelectOptionByValueKeyword.groovy:42)
	at com.kms.katalon.core.keyword.internal.KeywordExecutor.executeKeywordForPlatform(KeywordExecutor.groovy:74)
	at com.kms.katalon.core.webui.keyword.WebUiBuiltInKeywords.selectOptionByValue(WebUiBuiltInKeywords.groovy:1244)
	at TC_Amazon_ValidatePlacingAOrder_009.run(TC_Amazon_ValidatePlacingAOrder_009:38)
	at com.kms.katalon.core.main.ScriptEngine.run(ScriptEngine.java:194)
	at com.kms.katalon.core.main.ScriptEngine.runScriptAsRawText(ScriptEngine.java:119)
	at com.kms.katalon.core.main.TestCaseExecutor.runScript(TestCaseExecutor.java:448)
	at com.kms.katalon.core.main.TestCaseExecutor.doExecute(TestCaseExecutor.java:439)
	at com.kms.katalon.core.main.TestCaseExecutor.processExecutionPhase(TestCaseExecutor.java:418)
	at com.kms.katalon.core.main.TestCaseExecutor.accessMainPhase(TestCaseExecutor.java:410)
	at com.kms.katalon.core.main.TestCaseExecutor.execute(TestCaseExecutor.java:285)
	at com.kms.katalon.core.main.TestCaseExecutor.execute(TestCaseExecutor.java:369)
	at com.kms.katalon.core.main.TestCaseExecutor.execute(TestCaseExecutor.java:369)
	at com.kms.katalon.core.main.TestCaseExecutor.execute(TestCaseExecutor.java:369)
	at com.kms.katalon.core.common.CommonExecutor.accessTestCaseMainPhase(CommonExecutor.java:71)
	at com.kms.katalon.core.main.TestSuiteExecutor.accessTestSuiteMainPhase(TestSuiteExecutor.java:160)
	at com.kms.katalon.core.main.TestSuiteExecutor.execute(TestSuiteExecutor.java:107)
	at com.kms.katalon.core.main.TestCaseMain.startTestSuite(TestCaseMain.java:180)
	at TempTestSuite1742523221089.run(TempTestSuite1742523221089.groovy:35)
	at java.base/jdk.internal.reflect.NativeMethodAccessorImpl.invoke0(Native Method)
	at java.base/jdk.internal.reflect.NativeMethodAccessorImpl.invoke(NativeMethodAccessorImpl.java:77)
	at java.base/jdk.internal.reflect.DelegatingMethodAccessorImpl.invoke(DelegatingMethodAccessorImpl.java:43)
Caused by: org.openqa.selenium.ElementNotInteractableException: Element <option> could not be scrolled into view
Build info: version: '4.22.0', revision: 'c5f3146703'
System info: os.name: 'Windows 11', os.arch: 'amd64', os.version: '10.0', java.version: '17.0.13'
Driver info: com.kms.katalon.selenium.driver.CFirefoxDriver
Command: [fa81461b-03a5-45b3-b016-6ca0f43ab4a2, clickElement {id=363bae58-577e-4dd3-9de8-6451f2bbf97c}]
Capabilities {acceptInsecureCerts: true, browserName: firefox, browserVersion: 136.0.2, moz:accessibilityChecks: false, moz:buildID: 20250317120031, moz:debuggerAddress: 127.0.0.1:20477, moz:geckodriverVersion: 0.36.0, moz:headless: false, moz:platformVersion: 10.0, moz:processID: 10900, moz:profile: C:\Users\Asus\AppData\Local..., moz:shutdownTimeout: 60000, moz:webdriverClick: true, moz:windowless: false, pageLoadStrategy: normal, platformName: windows, proxy: Proxy(), se:cdp: ws://127.0.0.1:20477/devtoo..., se:cdpVersion: 85.0, setWindowRect: true, strictFileInteractability: false, timeouts: {implicit: 0, pageLoad: 300000, script: 30000}, unhandledPromptBehavior: ignore, userAgent: Mozilla/5.0 (Windows NT 10...., webSocketUrl: ws://127.0.0.1:20477/sessio...}
Element: [[[[CFirefoxDriver: firefox on windows (fa81461b-03a5-45b3-b016-6ca0f43ab4a2)] -> xpath: //select[@id='searchDropdownBox']]] -> tag name: option]
Session ID: fa81461b-03a5-45b3-b016-6ca0f43ab4a2
	at java.base/jdk.internal.reflect.NativeConstructorAccessorImpl.newInstance0(Native Method)
	at java.base/jdk.internal.reflect.NativeConstructorAccessorImpl.newInstance(NativeConstructorAccessorImpl.java:77)
	at java.base/jdk.internal.reflect.DelegatingConstructorAccessorImpl.newInstance(DelegatingConstructorAccessorImpl.java:45)
	at org.openqa.selenium.remote.ErrorCodec.decode(ErrorCodec.java:167)
	at org.openqa.selenium.remote.codec.w3c.W3CHttpResponseCodec.decode(W3CHttpResponseCodec.java:138)
	at org.openqa.selenium.remote.codec.w3c.W3CHttpResponseCodec.decode(W3CHttpResponseCodec.java:50)
	at org.openqa.selenium.remote.HttpCommandExecutor.execute(HttpCommandExecutor.java:190)
	at org.openqa.selenium.remote.service.DriverCommandExecutor.invokeExecute(DriverCommandExecutor.java:216)
	at org.openqa.selenium.remote.service.DriverCommandExecutor.execute(DriverCommandExecutor.java:174)
	at org.openqa.selenium.remote.RemoteWebDriver.execute(RemoteWebDriver.java:518)
	at org.openqa.selenium.remote.RemoteWebElement.execute(RemoteWebElement.java:223)
	at org.openqa.selenium.remote.RemoteWebElement.click(RemoteWebElement.java:76)
	at jdk.internal.reflect.GeneratedMethodAccessor30.invoke(Unknown Source)
	at java.base/jdk.internal.reflect.DelegatingMethodAccessorImpl.invoke(DelegatingMethodAccessorImpl.java:43)
	at org.openqa.selenium.support.decorators.WebDriverDecorator.call(WebDriverDecorator.java:249)
	at org.openqa.selenium.support.decorators.DefaultDecorated.call(DefaultDecorated.java:48)
	at org.openqa.selenium.support.decorators.WebDriverDecorator.lambda$createProxy$2(WebDriverDecorator.java:321)
	at net.bytebuddy.renamed.java.lang.Object$ByteBuddy$DljqZ5Tf.click(Unknown Source)
	at org.openqa.selenium.support.ui.Select.setSelected(Select.java:315)
	at org.openqa.selenium.support.ui.Select.setSelectedByIndex(Select.java:299)
	at org.openqa.selenium.support.ui.Select.selectByIndex(Select.java:179)
	at com.kms.katalon.core.webui.common.WebUiCommonHelper.selectOrDeselectOptionsByValueByRegularExpression(WebUiCommonHelper.java:294)
	at com.kms.katalon.core.webui.common.WebUiCommonHelper.selectOrDeselectOptionsByValue(WebUiCommonHelper.java:273)
	at com.kms.katalon.core.webui.common.WebUiCommonHelper$selectOrDeselectOptionsByValue.call(Unknown Source)
	at com.kms.katalon.core.webui.keyword.builtin.SelectOptionByValueKeyword.selectOrDeselectOptionsByValue(SelectOptionByValueKeyword.groovy:80)
	at com.kms.katalon.core.webui.keyword.builtin.SelectOptionByValueKeyword.access$0(SelectOptionByValueKeyword.groovy)
	at com.kms.katalon.core.webui.keyword.builtin.SelectOptionByValueKeyword$_selectOptionByValue_closure1.doCall(SelectOptionByValueKeyword.groovy:58)
	at com.kms.katalon.core.webui.keyword.builtin.SelectOptionByValueKeyword$_selectOptionByValue_closure1.call(SelectOptionByValueKeyword.groovy)
	at com.kms.katalon.core.webui.keyword.internal.WebUIKeywordMain.runKeyword(WebUIKeywordMain.groovy:35)
	at com.kms.katalon.core.webui.keyword.builtin.SelectOptionByValueKeyword.selectOptionByValue(SelectOptionByValueKeyword.groovy:69)
	at com.kms.katalon.core.webui.keyword.builtin.SelectOptionByValueKeyword.execute(SelectOptionByValueKeyword.groovy:42)
	at com.kms.katalon.core.keyword.internal.KeywordExecutor.executeKeywordForPlatform(KeywordExecutor.groovy:74)
	at com.kms.katalon.core.webui.keyword.WebUiBuiltInKeywords.selectOptionByValue(WebUiBuiltInKeywords.groovy:1244)
	at Script1741840234352.run(Script1741840234352.groovy:38)
	... 18 more
)
[[ATTACHMENT|E:\\Software Automation Testing\\Amazon\\Reports\\20250321_074341\\TS_Amazon_03\\20250321_074341\\1742524243142.png]]

21-03-2025T08:00:43 - [TEST_STEP][PASSED] - setText(findTestObject("Object Repository/Amazon_ValidatingPlacingAOrder_OR/Page_Online Shopping site in India Shop Onl_10c5f3/input_Search Amazon.in_field-keywords"), "dopamine detox"): Text 'dopamine detox' is set on object 'Object Repository/Amazon_ValidatingPlacingAOrder_OR/Page_Online Shopping site in India Shop Onl_10c5f3/input_Search Amazon.in_field-keywords'

21-03-2025T08:00:44 - [MESSAGE][PASSED] - Text 'dopamine detox' is set on object 'Object Repository/Amazon_ValidatingPlacingAOrder_OR/Page_Online Shopping site in India Shop Onl_10c5f3/input_Search Amazon.in_field-keywords'

21-03-2025T08:00:44 - [TEST_STEP][PASSED] - click(findTestObject("Object Repository/Amazon_ValidatingPlacingAOrder_OR/Page_Online Shopping site in India Shop Onl_10c5f3/input_Search Amazon.in_nav-search-submit-button")): Object: 'Object Repository/Amazon_ValidatingPlacingAOrder_OR/Page_Online Shopping site in India Shop Onl_10c5f3/input_Search Amazon.in_nav-search-submit-button' is clicked on

21-03-2025T08:00:47 - [MESSAGE][PASSED] - Object: 'Object Repository/Amazon_ValidatingPlacingAOrder_OR/Page_Online Shopping site in India Shop Onl_10c5f3/input_Search Amazon.in_nav-search-submit-button' is clicked on

21-03-2025T08:00:47 - [TEST_STEP][PASSED] - click(findTestObject("Object Repository/Amazon_ValidatingPlacingAOrder_OR/Page_Amazon.in  dopamine detox/span_Dopamine Detox  A Short Guide to Remov_c6ee6f")): Object: 'Object Repository/Amazon_ValidatingPlacingAOrder_OR/Page_Amazon.in  dopamine detox/span_Dopamine Detox  A Short Guide to Remov_c6ee6f' is clicked on

21-03-2025T08:01:19 - [MESSAGE][INFO] - Unable to find the element located by 'By.xpath: //div[@id='7e786f61-7b83-4941-b5cf-505ca983a64b']/div/div/div/div/span/div/div/div/div[2]/div/div/div/a/h2/span'. Please recheck the objects properties to make sure the desired element is located. 

21-03-2025T08:01:19 - [MESSAGE][WARNING] - [SELF-HEALING] Failed to find element with id 'Object Repository/Amazon_ValidatingPlacingAOrder_OR/Page_Amazon.in  dopamine detox/span_Dopamine Detox  A Short Guide to Remov_c6ee6f'. Try using Self-healing.

21-03-2025T08:01:19 - [MESSAGE][WARNING] - [SELF-HEALING] The current locator of test object 'Object Repository/Amazon_ValidatingPlacingAOrder_OR/Page_Amazon.in  dopamine detox/span_Dopamine Detox  A Short Guide to Remov_c6ee6f' was broken. Propose an alternative one: '(.//*[normalize-space(text()) and normalize-space(.)='Let us know'])[1]/following::span[1]'.

21-03-2025T08:01:19 - [MESSAGE][PASSED] - Object: 'Object Repository/Amazon_ValidatingPlacingAOrder_OR/Page_Amazon.in  dopamine detox/span_Dopamine Detox  A Short Guide to Remov_c6ee6f' is clicked on

21-03-2025T08:01:19 - [TEST_STEP][PASSED] - newTab(""): New tab and navigate to '' successfully

21-03-2025T08:01:20 - [MESSAGE][PASSED] - New tab and navigate to '' successfully

21-03-2025T08:01:20 - [TEST_STEP][PASSED] - navigateToUrl("https://www.amazon.in/Dopamine-Detox-Remove-Distractions-Things/dp/8183286011/ref=sr_1_1_sspa?crid=1NU2R28DY0SN5&dib=eyJ2IjoiMSJ9.YlGXE17O7k5aD2j4Kse9dOSJ0N5NmLO1i3qBLQNxIDfJYZEHqbqj3kGhtwcpYEN9RrFVJJ17D6-iO1SPsqYGi2cSvfvv1bOON8PdQ87NhmEsDhoJeS4KxPFboF5AZnchLEZZ6eYkuhwfyVNKKEjsyWipGIJ0L3wQmXjQucrdYVYiFymPWHjnVxGqbGPHE9SipEJ0nGX_bmynZWyTY1bq83kLyHVkJer-g52uH8cZX9k.2KlSeObW9l2Re9dkleNDSQ4dcbGH390I33e_YlEZG-0&dib_tag=se&keywords=dopamine+detox&qid=1741834765&s=books&sprefix=dopamine+detox%2Cstripbooks%2C1352&sr=1-1-spons&sp_csd=d2lkZ2V0TmFtZT1zcF9hdGY&psc=1"): Navigate to 'https://www.amazon.in/Dopamine-Detox-Remove-Distractions-Things/dp/8183286011/ref=sr_1_1_sspa?crid=1NU2R28DY0SN5&dib=eyJ2IjoiMSJ9.YlGXE17O7k5aD2j4Kse9dOSJ0N5NmLO1i3qBLQNxIDfJYZEHqbqj3kGhtwcpYEN9RrFVJJ17D6-iO1SPsqYGi2cSvfvv1bOON8PdQ87NhmEsDhoJeS4KxPFboF5AZnchLEZZ6eYkuhwfyVNKKEjsyWipGIJ0L3wQmXjQucrdYVYiFymPWHjnVxGqbGPHE9SipEJ0nGX_bmynZWyTY1bq83kLyHVkJer-g52uH8cZX9k.2KlSeObW9l2Re9dkleNDSQ4dcbGH390I33e_YlEZG-0&dib_tag=se&keywords=dopamine+detox&qid=1741834765&s=books&sprefix=dopamine+detox%2Cstripbooks%2C1352&sr=1-1-spons&sp_csd=d2lkZ2V0TmFtZT1zcF9hdGY&psc=1' successfully

21-03-2025T08:01:23 - [MESSAGE][PASSED] - Navigate to 'https://www.amazon.in/Dopamine-Detox-Remove-Distractions-Things/dp/8183286011/ref=sr_1_1_sspa?crid=1NU2R28DY0SN5&dib=eyJ2IjoiMSJ9.YlGXE17O7k5aD2j4Kse9dOSJ0N5NmLO1i3qBLQNxIDfJYZEHqbqj3kGhtwcpYEN9RrFVJJ17D6-iO1SPsqYGi2cSvfvv1bOON8PdQ87NhmEsDhoJeS4KxPFboF5AZnchLEZZ6eYkuhwfyVNKKEjsyWipGIJ0L3wQmXjQucrdYVYiFymPWHjnVxGqbGPHE9SipEJ0nGX_bmynZWyTY1bq83kLyHVkJer-g52uH8cZX9k.2KlSeObW9l2Re9dkleNDSQ4dcbGH390I33e_YlEZG-0&dib_tag=se&keywords=dopamine+detox&qid=1741834765&s=books&sprefix=dopamine+detox%2Cstripbooks%2C1352&sr=1-1-spons&sp_csd=d2lkZ2V0TmFtZT1zcF9hdGY&psc=1' successfully

21-03-2025T08:01:23 - [TEST_STEP][PASSED] - click(findTestObject("Object Repository/Amazon_ValidatingPlacingAOrder_OR/Page_Dopamine Detox  A Short Guide to Remov_eec2f1/input_Quantity_submit.buy-now")): Object: 'Object Repository/Amazon_ValidatingPlacingAOrder_OR/Page_Dopamine Detox  A Short Guide to Remov_eec2f1/input_Quantity_submit.buy-now' is clicked on

21-03-2025T08:01:31 - [MESSAGE][PASSED] - Object: 'Object Repository/Amazon_ValidatingPlacingAOrder_OR/Page_Dopamine Detox  A Short Guide to Remov_eec2f1/input_Quantity_submit.buy-now' is clicked on

21-03-2025T08:01:31 - [TEST_STEP][PASSED] - click(findTestObject("Object Repository/Amazon_ValidatingPlacingAOrder_OR/Page_Place Your Order - Amazon Checkout/a_Change")): Object: 'Object Repository/Amazon_ValidatingPlacingAOrder_OR/Page_Place Your Order - Amazon Checkout/a_Change' is clicked on

21-03-2025T08:01:32 - [MESSAGE][PASSED] - Object: 'Object Repository/Amazon_ValidatingPlacingAOrder_OR/Page_Place Your Order - Amazon Checkout/a_Change' is clicked on

21-03-2025T08:01:32 - [TEST_STEP][PASSED] - click(findTestObject("Object Repository/Amazon_ValidatingPlacingAOrder_OR/Page_Place Your Order - Amazon Checkout/i_Delivery addresses (2)_a-icon a-icon-radio")): Object: 'Object Repository/Amazon_ValidatingPlacingAOrder_OR/Page_Place Your Order - Amazon Checkout/i_Delivery addresses (2)_a-icon a-icon-radio' is clicked on

21-03-2025T08:01:34 - [MESSAGE][PASSED] - Object: 'Object Repository/Amazon_ValidatingPlacingAOrder_OR/Page_Place Your Order - Amazon Checkout/i_Delivery addresses (2)_a-icon a-icon-radio' is clicked on

21-03-2025T08:01:34 - [TEST_STEP][PASSED] - click(findTestObject("Object Repository/Amazon_ValidatingPlacingAOrder_OR/Page_Place Your Order - Amazon Checkout/input__a-button-input")): Object: 'Object Repository/Amazon_ValidatingPlacingAOrder_OR/Page_Place Your Order - Amazon Checkout/input__a-button-input' is clicked on

21-03-2025T08:01:37 - [MESSAGE][PASSED] - Object: 'Object Repository/Amazon_ValidatingPlacingAOrder_OR/Page_Place Your Order - Amazon Checkout/input__a-button-input' is clicked on

21-03-2025T08:01:37 - [TEST_STEP][FAILED] - click(findTestObject("Object Repository/Amazon_ValidatingPlacingAOrder_OR/Page_Place Your Order - Amazon Checkout/a_Change_1")): Unable to click on object 'Object Repository/Amazon_ValidatingPlacingAOrder_OR/Page_Place Your Order - Amazon Checkout/a_Change_1' (Root cause: com.kms.katalon.core.exception.StepFailedException: Unable to click on object 'Object Repository/Amazon_ValidatingPlacingAOrder_OR/Page_Place Your Order - Amazon Checkout/a_Change_1'
	at com.kms.katalon.core.webui.keyword.internal.WebUIKeywordMain.stepFailed(WebUIKeywordMain.groovy:117)
	at com.kms.katalon.core.webui.keyword.internal.WebUIKeywordMain.runKeyword(WebUIKeywordMain.groovy:43)
	at com.kms.katalon.core.webui.keyword.builtin.ClickKeyword.click(ClickKeyword.groovy:75)
	at com.kms.katalon.core.webui.keyword.builtin.ClickKeyword.execute(ClickKeyword.groovy:40)
	at com.kms.katalon.core.keyword.internal.KeywordExecutor.executeKeywordForPlatform(KeywordExecutor.groovy:74)
	at com.kms.katalon.core.webui.keyword.WebUiBuiltInKeywords.click(WebUiBuiltInKeywords.groovy:696)
	at TC_Amazon_ValidatePlacingAOrder_009.run(TC_Amazon_ValidatePlacingAOrder_009:60)
	at com.kms.katalon.core.main.ScriptEngine.run(ScriptEngine.java:194)
	at com.kms.katalon.core.main.ScriptEngine.runScriptAsRawText(ScriptEngine.java:119)
	at com.kms.katalon.core.main.TestCaseExecutor.runScript(TestCaseExecutor.java:448)
	at com.kms.katalon.core.main.TestCaseExecutor.doExecute(TestCaseExecutor.java:439)
	at com.kms.katalon.core.main.TestCaseExecutor.processExecutionPhase(TestCaseExecutor.java:418)
	at com.kms.katalon.core.main.TestCaseExecutor.accessMainPhase(TestCaseExecutor.java:410)
	at com.kms.katalon.core.main.TestCaseExecutor.execute(TestCaseExecutor.java:285)
	at com.kms.katalon.core.main.TestCaseExecutor.execute(TestCaseExecutor.java:369)
	at com.kms.katalon.core.main.TestCaseExecutor.execute(TestCaseExecutor.java:369)
	at com.kms.katalon.core.main.TestCaseExecutor.execute(TestCaseExecutor.java:369)
	at com.kms.katalon.core.common.CommonExecutor.accessTestCaseMainPhase(CommonExecutor.java:71)
	at com.kms.katalon.core.main.TestSuiteExecutor.accessTestSuiteMainPhase(TestSuiteExecutor.java:160)
	at com.kms.katalon.core.main.TestSuiteExecutor.execute(TestSuiteExecutor.java:107)
	at com.kms.katalon.core.main.TestCaseMain.startTestSuite(TestCaseMain.java:180)
	at TempTestSuite1742523221089.run(TempTestSuite1742523221089.groovy:35)
	at java.base/jdk.internal.reflect.NativeMethodAccessorImpl.invoke0(Native Method)
	at java.base/jdk.internal.reflect.NativeMethodAccessorImpl.invoke(NativeMethodAccessorImpl.java:77)
	at java.base/jdk.internal.reflect.DelegatingMethodAccessorImpl.invoke(DelegatingMethodAccessorImpl.java:43)
Caused by: com.kms.katalon.core.webui.exception.WebElementNotFoundException: Web element with id: 'Object Repository/Amazon_ValidatingPlacingAOrder_OR/Page_Place Your Order - Amazon Checkout/a_Change_1' located by '//div[@id='checkout-paymentOptionPanel']/div/div[2]/span/a' not found
	at com.kms.katalon.core.webui.common.WebUiCommonHelper.findWebElement(WebUiCommonHelper.java:1457)
	at com.kms.katalon.core.webui.keyword.internal.WebUIAbstractKeyword.findWebElement(WebUIAbstractKeyword.groovy:27)
	at com.kms.katalon.core.webui.keyword.builtin.ClickKeyword$_click_closure1.doCall(ClickKeyword.groovy:66)
	at com.kms.katalon.core.webui.keyword.builtin.ClickKeyword$_click_closure1.call(ClickKeyword.groovy)
	at com.kms.katalon.core.webui.keyword.internal.WebUIKeywordMain.runKeyword(WebUIKeywordMain.groovy:35)
	at com.kms.katalon.core.webui.keyword.builtin.ClickKeyword.click(ClickKeyword.groovy:75)
	at com.kms.katalon.core.webui.keyword.builtin.ClickKeyword.execute(ClickKeyword.groovy:40)
	at com.kms.katalon.core.keyword.internal.KeywordExecutor.executeKeywordForPlatform(KeywordExecutor.groovy:74)
	at com.kms.katalon.core.webui.keyword.WebUiBuiltInKeywords.click(WebUiBuiltInKeywords.groovy:696)
	at Script1741840234352.run(Script1741840234352.groovy:60)
	... 18 more
)

21-03-2025T08:02:08 - [MESSAGE][INFO] - Unable to find the element located by 'By.xpath: //div[@id='checkout-paymentOptionPanel']/div/div[2]/span/a'. Please recheck the objects properties to make sure the desired element is located. 

21-03-2025T08:02:08 - [MESSAGE][WARNING] - [SELF-HEALING] Failed to find element with id 'Object Repository/Amazon_ValidatingPlacingAOrder_OR/Page_Place Your Order - Amazon Checkout/a_Change_1'. Try using Self-healing.

21-03-2025T08:02:08 - [MESSAGE][INFO] - [SELF-HEALING] Failed Locator: '//div[@id='checkout-paymentOptionPanel']/div/div[2]/span/a'.

21-03-2025T08:02:09 - [MESSAGE][INFO] - [SELF-HEALING] Failed Locator: '(//a[contains(text(),'Change')])[2]'.

21-03-2025T08:02:09 - [MESSAGE][INFO] - [SELF-HEALING] Failed Locator: '(.//*[normalize-space(text()) and normalize-space(.)='Use a gift card, voucher or promo code'])[1]/following::a[1]'.

21-03-2025T08:02:09 - [MESSAGE][INFO] - [SELF-HEALING] Failed Locator: '(.//*[normalize-space(text()) and normalize-space(.)='Pay on delivery (Cash/Card)'])[1]/following::a[2]'.

21-03-2025T08:02:09 - [MESSAGE][INFO] - [SELF-HEALING] Failed Locator: '(.//*[normalize-space(text()) and normalize-space(.)='Offers'])[1]/preceding::a[1]'.

21-03-2025T08:02:10 - [MESSAGE][INFO] - [SELF-HEALING] Failed Locator: '(.//*[normalize-space(text()) and normalize-space(.)='Saving your settings...'])[1]/preceding::a[1]'.

21-03-2025T08:02:10 - [MESSAGE][INFO] - [SELF-HEALING] Failed Locator: '//a[contains(@href, '/checkout/p/p-404-2033450-6643532/pay?pipelineType=Chewbacca&isBuyNow=1&referrer=offers&ref_=chk_offers_chg_payselect')]'.

21-03-2025T08:02:10 - [MESSAGE][INFO] - [SELF-HEALING] Failed Locator: '//div[8]/div[2]/div/div[2]/span/a'.

21-03-2025T08:02:10 - [MESSAGE][INFO] - [SELF-HEALING] Failed Locator: '//a[@href = '/checkout/p/p-404-2033450-6643532/pay?pipelineType=Chewbacca&isBuyNow=1&referrer=offers&ref_=chk_offers_chg_payselect' and (text() = '
                                                            Change
                                                        ' or . = '
                                                            Change
                                                        ')]'.

21-03-2025T08:02:13 - [MESSAGE][INFO] - Unable to find the element located by 'By.xpath: //*[@href = '/checkout/p/p-404-2033450-6643532/pay?pipelineType=Chewbacca&isBuyNow=1&referrer=offers&ref_=chk_offers_chg_payselect' and (text() = '
                                                            Change
                                                        ' or . = '
                                                            Change
                                                        ')]'. Please recheck the objects properties to make sure the desired element is located. 

21-03-2025T08:02:14 - [MESSAGE][INFO] - Unable to find the element located by 'By.cssSelector: #checkout-paymentOptionPanel > div.a-row > div.a-column.a-span4.a-text-right.a-spacing-base.a-span-last > span.a-declarative > a.a-link-normal.expand-panel-button.celwidget'. Please recheck the objects properties to make sure the desired element is located. 

21-03-2025T08:02:14 - [MESSAGE][FAILED] - Unable to click on object 'Object Repository/Amazon_ValidatingPlacingAOrder_OR/Page_Place Your Order - Amazon Checkout/a_Change_1' (Root cause: com.kms.katalon.core.exception.StepFailedException: Unable to click on object 'Object Repository/Amazon_ValidatingPlacingAOrder_OR/Page_Place Your Order - Amazon Checkout/a_Change_1'
	at com.kms.katalon.core.webui.keyword.internal.WebUIKeywordMain.stepFailed(WebUIKeywordMain.groovy:117)
	at com.kms.katalon.core.webui.keyword.internal.WebUIKeywordMain.runKeyword(WebUIKeywordMain.groovy:43)
	at com.kms.katalon.core.webui.keyword.builtin.ClickKeyword.click(ClickKeyword.groovy:75)
	at com.kms.katalon.core.webui.keyword.builtin.ClickKeyword.execute(ClickKeyword.groovy:40)
	at com.kms.katalon.core.keyword.internal.KeywordExecutor.executeKeywordForPlatform(KeywordExecutor.groovy:74)
	at com.kms.katalon.core.webui.keyword.WebUiBuiltInKeywords.click(WebUiBuiltInKeywords.groovy:696)
	at TC_Amazon_ValidatePlacingAOrder_009.run(TC_Amazon_ValidatePlacingAOrder_009:60)
	at com.kms.katalon.core.main.ScriptEngine.run(ScriptEngine.java:194)
	at com.kms.katalon.core.main.ScriptEngine.runScriptAsRawText(ScriptEngine.java:119)
	at com.kms.katalon.core.main.TestCaseExecutor.runScript(TestCaseExecutor.java:448)
	at com.kms.katalon.core.main.TestCaseExecutor.doExecute(TestCaseExecutor.java:439)
	at com.kms.katalon.core.main.TestCaseExecutor.processExecutionPhase(TestCaseExecutor.java:418)
	at com.kms.katalon.core.main.TestCaseExecutor.accessMainPhase(TestCaseExecutor.java:410)
	at com.kms.katalon.core.main.TestCaseExecutor.execute(TestCaseExecutor.java:285)
	at com.kms.katalon.core.main.TestCaseExecutor.execute(TestCaseExecutor.java:369)
	at com.kms.katalon.core.main.TestCaseExecutor.execute(TestCaseExecutor.java:369)
	at com.kms.katalon.core.main.TestCaseExecutor.execute(TestCaseExecutor.java:369)
	at com.kms.katalon.core.common.CommonExecutor.accessTestCaseMainPhase(CommonExecutor.java:71)
	at com.kms.katalon.core.main.TestSuiteExecutor.accessTestSuiteMainPhase(TestSuiteExecutor.java:160)
	at com.kms.katalon.core.main.TestSuiteExecutor.execute(TestSuiteExecutor.java:107)
	at com.kms.katalon.core.main.TestCaseMain.startTestSuite(TestCaseMain.java:180)
	at TempTestSuite1742523221089.run(TempTestSuite1742523221089.groovy:35)
	at java.base/jdk.internal.reflect.NativeMethodAccessorImpl.invoke0(Native Method)
	at java.base/jdk.internal.reflect.NativeMethodAccessorImpl.invoke(NativeMethodAccessorImpl.java:77)
	at java.base/jdk.internal.reflect.DelegatingMethodAccessorImpl.invoke(DelegatingMethodAccessorImpl.java:43)
Caused by: com.kms.katalon.core.webui.exception.WebElementNotFoundException: Web element with id: 'Object Repository/Amazon_ValidatingPlacingAOrder_OR/Page_Place Your Order - Amazon Checkout/a_Change_1' located by '//div[@id='checkout-paymentOptionPanel']/div/div[2]/span/a' not found
	at com.kms.katalon.core.webui.common.WebUiCommonHelper.findWebElement(WebUiCommonHelper.java:1457)
	at com.kms.katalon.core.webui.keyword.internal.WebUIAbstractKeyword.findWebElement(WebUIAbstractKeyword.groovy:27)
	at com.kms.katalon.core.webui.keyword.builtin.ClickKeyword$_click_closure1.doCall(ClickKeyword.groovy:66)
	at com.kms.katalon.core.webui.keyword.builtin.ClickKeyword$_click_closure1.call(ClickKeyword.groovy)
	at com.kms.katalon.core.webui.keyword.internal.WebUIKeywordMain.runKeyword(WebUIKeywordMain.groovy:35)
	at com.kms.katalon.core.webui.keyword.builtin.ClickKeyword.click(ClickKeyword.groovy:75)
	at com.kms.katalon.core.webui.keyword.builtin.ClickKeyword.execute(ClickKeyword.groovy:40)
	at com.kms.katalon.core.keyword.internal.KeywordExecutor.executeKeywordForPlatform(KeywordExecutor.groovy:74)
	at com.kms.katalon.core.webui.keyword.WebUiBuiltInKeywords.click(WebUiBuiltInKeywords.groovy:696)
	at Script1741840234352.run(Script1741840234352.groovy:60)
	... 18 more
)
[[ATTACHMENT|E:\\Software Automation Testing\\Amazon\\Reports\\20250321_074341\\TS_Amazon_03\\20250321_074341\\1742524334230.png]]

21-03-2025T08:02:14 - [TEST_STEP][PASSED] - click(findTestObject("Object Repository/Amazon_ValidatingPlacingAOrder_OR/Page_Place Your Order - Amazon Checkout/input_Why_ppw-instrumentRowSelection")): Object: 'Object Repository/Amazon_ValidatingPlacingAOrder_OR/Page_Place Your Order - Amazon Checkout/input_Why_ppw-instrumentRowSelection' is clicked on

21-03-2025T08:02:45 - [MESSAGE][INFO] - Unable to find the element located by 'By.xpath: //input[@id='pp-TT8gJn-139']'. Please recheck the objects properties to make sure the desired element is located. 

21-03-2025T08:02:45 - [MESSAGE][WARNING] - [SELF-HEALING] Failed to find element with id 'Object Repository/Amazon_ValidatingPlacingAOrder_OR/Page_Place Your Order - Amazon Checkout/input_Why_ppw-instrumentRowSelection'. Try using Self-healing.

21-03-2025T08:02:45 - [MESSAGE][WARNING] - [SELF-HEALING] The current locator of test object 'Object Repository/Amazon_ValidatingPlacingAOrder_OR/Page_Place Your Order - Amazon Checkout/input_Why_ppw-instrumentRowSelection' was broken. Propose an alternative one: '//div[6]/div/div/div/div/div/div/label/input'.

21-03-2025T08:02:46 - [MESSAGE][PASSED] - Object: 'Object Repository/Amazon_ValidatingPlacingAOrder_OR/Page_Place Your Order - Amazon Checkout/input_Why_ppw-instrumentRowSelection' is clicked on

21-03-2025T08:02:46 - [TEST_STEP][FAILED] - click(findTestObject("Object Repository/Amazon_ValidatingPlacingAOrder_OR/Page_Place Your Order - Amazon Checkout/input_Convenience fee of 7 will apply. To a_ce1589")): Unable to click on object 'Object Repository/Amazon_ValidatingPlacingAOrder_OR/Page_Place Your Order - Amazon Checkout/input_Convenience fee of 7 will apply. To a_ce1589' (Root cause: com.kms.katalon.core.exception.StepFailedException: Unable to click on object 'Object Repository/Amazon_ValidatingPlacingAOrder_OR/Page_Place Your Order - Amazon Checkout/input_Convenience fee of 7 will apply. To a_ce1589'
	at com.kms.katalon.core.webui.keyword.internal.WebUIKeywordMain.stepFailed(WebUIKeywordMain.groovy:117)
	at com.kms.katalon.core.webui.keyword.internal.WebUIKeywordMain.runKeyword(WebUIKeywordMain.groovy:43)
	at com.kms.katalon.core.webui.keyword.builtin.ClickKeyword.click(ClickKeyword.groovy:75)
	at com.kms.katalon.core.webui.keyword.builtin.ClickKeyword.execute(ClickKeyword.groovy:40)
	at com.kms.katalon.core.keyword.internal.KeywordExecutor.executeKeywordForPlatform(KeywordExecutor.groovy:74)
	at com.kms.katalon.core.webui.keyword.WebUiBuiltInKeywords.click(WebUiBuiltInKeywords.groovy:696)
	at TC_Amazon_ValidatePlacingAOrder_009.run(TC_Amazon_ValidatePlacingAOrder_009:64)
	at com.kms.katalon.core.main.ScriptEngine.run(ScriptEngine.java:194)
	at com.kms.katalon.core.main.ScriptEngine.runScriptAsRawText(ScriptEngine.java:119)
	at com.kms.katalon.core.main.TestCaseExecutor.runScript(TestCaseExecutor.java:448)
	at com.kms.katalon.core.main.TestCaseExecutor.doExecute(TestCaseExecutor.java:439)
	at com.kms.katalon.core.main.TestCaseExecutor.processExecutionPhase(TestCaseExecutor.java:418)
	at com.kms.katalon.core.main.TestCaseExecutor.accessMainPhase(TestCaseExecutor.java:410)
	at com.kms.katalon.core.main.TestCaseExecutor.execute(TestCaseExecutor.java:285)
	at com.kms.katalon.core.main.TestCaseExecutor.execute(TestCaseExecutor.java:369)
	at com.kms.katalon.core.main.TestCaseExecutor.execute(TestCaseExecutor.java:369)
	at com.kms.katalon.core.main.TestCaseExecutor.execute(TestCaseExecutor.java:369)
	at com.kms.katalon.core.common.CommonExecutor.accessTestCaseMainPhase(CommonExecutor.java:71)
	at com.kms.katalon.core.main.TestSuiteExecutor.accessTestSuiteMainPhase(TestSuiteExecutor.java:160)
	at com.kms.katalon.core.main.TestSuiteExecutor.execute(TestSuiteExecutor.java:107)
	at com.kms.katalon.core.main.TestCaseMain.startTestSuite(TestCaseMain.java:180)
	at TempTestSuite1742523221089.run(TempTestSuite1742523221089.groovy:35)
	at java.base/jdk.internal.reflect.NativeMethodAccessorImpl.invoke0(Native Method)
	at java.base/jdk.internal.reflect.NativeMethodAccessorImpl.invoke(NativeMethodAccessorImpl.java:77)
	at java.base/jdk.internal.reflect.DelegatingMethodAccessorImpl.invoke(DelegatingMethodAccessorImpl.java:43)
Caused by: org.openqa.selenium.ElementClickInterceptedException: Element <input class="a-button-input" type="submit"> is not clickable at point (128,634) because another element <span id="checkout-primary-continue-button-id-announce" class="a-button-text"> obscures it
Build info: version: '4.22.0', revision: 'c5f3146703'
System info: os.name: 'Windows 11', os.arch: 'amd64', os.version: '10.0', java.version: '17.0.13'
Driver info: com.kms.katalon.selenium.driver.CFirefoxDriver
Command: [fa81461b-03a5-45b3-b016-6ca0f43ab4a2, clickElement {id=46074c66-9925-4db2-b3ad-ed9b45d02bb1}]
Capabilities {acceptInsecureCerts: true, browserName: firefox, browserVersion: 136.0.2, moz:accessibilityChecks: false, moz:buildID: 20250317120031, moz:debuggerAddress: 127.0.0.1:20477, moz:geckodriverVersion: 0.36.0, moz:headless: false, moz:platformVersion: 10.0, moz:processID: 10900, moz:profile: C:\Users\Asus\AppData\Local..., moz:shutdownTimeout: 60000, moz:webdriverClick: true, moz:windowless: false, pageLoadStrategy: normal, platformName: windows, proxy: Proxy(), se:cdp: ws://127.0.0.1:20477/devtoo..., se:cdpVersion: 85.0, setWindowRect: true, strictFileInteractability: false, timeouts: {implicit: 0, pageLoad: 300000, script: 30000}, unhandledPromptBehavior: ignore, userAgent: Mozilla/5.0 (Windows NT 10...., webSocketUrl: ws://127.0.0.1:20477/sessio...}
Element: [[CFirefoxDriver: firefox on windows (fa81461b-03a5-45b3-b016-6ca0f43ab4a2)] -> xpath: (//input[@type='submit'])[4]]
Session ID: fa81461b-03a5-45b3-b016-6ca0f43ab4a2
	at jdk.internal.reflect.GeneratedConstructorAccessor23.newInstance(Unknown Source)
	at java.base/jdk.internal.reflect.DelegatingConstructorAccessorImpl.newInstance(DelegatingConstructorAccessorImpl.java:45)
	at org.openqa.selenium.remote.ErrorCodec.decode(ErrorCodec.java:167)
	at org.openqa.selenium.remote.codec.w3c.W3CHttpResponseCodec.decode(W3CHttpResponseCodec.java:138)
	at org.openqa.selenium.remote.codec.w3c.W3CHttpResponseCodec.decode(W3CHttpResponseCodec.java:50)
	at org.openqa.selenium.remote.HttpCommandExecutor.execute(HttpCommandExecutor.java:190)
	at org.openqa.selenium.remote.service.DriverCommandExecutor.invokeExecute(DriverCommandExecutor.java:216)
	at org.openqa.selenium.remote.service.DriverCommandExecutor.execute(DriverCommandExecutor.java:174)
	at org.openqa.selenium.remote.RemoteWebDriver.execute(RemoteWebDriver.java:518)
	at org.openqa.selenium.remote.RemoteWebElement.execute(RemoteWebElement.java:223)
	at org.openqa.selenium.remote.RemoteWebElement.click(RemoteWebElement.java:76)
	at jdk.internal.reflect.GeneratedMethodAccessor30.invoke(Unknown Source)
	at java.base/jdk.internal.reflect.DelegatingMethodAccessorImpl.invoke(DelegatingMethodAccessorImpl.java:43)
	at org.openqa.selenium.support.decorators.WebDriverDecorator.call(WebDriverDecorator.java:249)
	at org.openqa.selenium.support.decorators.DefaultDecorated.call(DefaultDecorated.java:48)
	at org.openqa.selenium.support.decorators.WebDriverDecorator.lambda$createProxy$2(WebDriverDecorator.java:321)
	at net.bytebuddy.renamed.java.lang.Object$ByteBuddy$6RIMbJ8K.click(Unknown Source)
	at org.openqa.selenium.WebElement$click.call(Unknown Source)
	at com.kms.katalon.core.webui.keyword.builtin.ClickKeyword.clickUntilSuccessWithTimeout(ClickKeyword.groovy:82)
	at com.kms.katalon.core.webui.keyword.builtin.ClickKeyword.clickUntilSuccessWithTimeout(ClickKeyword.groovy)
	at jdk.internal.reflect.GeneratedMethodAccessor34.invoke(Unknown Source)
	at java.base/jdk.internal.reflect.DelegatingMethodAccessorImpl.invoke(DelegatingMethodAccessorImpl.java:43)
	at com.kms.katalon.core.webui.keyword.builtin.ClickKeyword$_click_closure1.doCall(ClickKeyword.groovy:68)
	at com.kms.katalon.core.webui.keyword.builtin.ClickKeyword$_click_closure1.call(ClickKeyword.groovy)
	at com.kms.katalon.core.webui.keyword.internal.WebUIKeywordMain.runKeyword(WebUIKeywordMain.groovy:35)
	at com.kms.katalon.core.webui.keyword.builtin.ClickKeyword.click(ClickKeyword.groovy:75)
	at com.kms.katalon.core.webui.keyword.builtin.ClickKeyword.execute(ClickKeyword.groovy:40)
	at com.kms.katalon.core.keyword.internal.KeywordExecutor.executeKeywordForPlatform(KeywordExecutor.groovy:74)
	at com.kms.katalon.core.webui.keyword.WebUiBuiltInKeywords.click(WebUiBuiltInKeywords.groovy:696)
	at Script1741840234352.run(Script1741840234352.groovy:64)
	... 18 more
)

[...]
	at java.base/jdk.internal.reflect.NativeMethodAccessorImpl.invoke(NativeMethodAccessorImpl.java:77)
	at java.base/jdk.internal.reflect.DelegatingMethodAccessorImpl.invoke(DelegatingMethodAccessorImpl.java:43)
Caused by: com.kms.katalon.core.exception.StepFailedException: Unable to select option by value 'search-alias=stripbooks' of object 'Object Repository/Amazon_ValidatingPlacingAOrder_OR/Page_Online Shopping site in India Shop Onl_10c5f3/select_All Categories        Alexa Skills  _59be89'  using regular expression
	... 22 more
Caused by: org.openqa.selenium.ElementNotInteractableException: Element <option> could not be scrolled into view
Build info: version: '4.22.0', revision: 'c5f3146703'
System info: os.name: 'Windows 11', os.arch: 'amd64', os.version: '10.0', java.version: '17.0.13'
Driver info: com.kms.katalon.selenium.driver.CFirefoxDriver
Command: [145479f1-3741-4f1c-a985-7aecadd6d143, clickElement {id=73594a0e-7bdf-49be-acff-4f1de6684ec6}]
Capabilities {acceptInsecureCerts: true, browserName: firefox, browserVersion: 136.0.2, moz:accessibilityChecks: false, moz:buildID: 20250317120031, moz:debuggerAddress: 127.0.0.1:27248, moz:geckodriverVersion: 0.36.0, moz:headless: false, moz:platformVersion: 10.0, moz:processID: 17180, moz:profile: C:\Users\Asus\AppData\Local..., moz:shutdownTimeout: 60000, moz:webdriverClick: true, moz:windowless: false, pageLoadStrategy: normal, platformName: windows, proxy: Proxy(), se:cdp: ws://127.0.0.1:27248/devtoo..., se:cdpVersion: 85.0, setWindowRect: true, strictFileInteractability: false, timeouts: {implicit: 0, pageLoad: 300000, script: 30000}, unhandledPromptBehavior: ignore, userAgent: Mozilla/5.0 (Windows NT 10...., webSocketUrl: ws://127.0.0.1:27248/sessio...}
Element: [[[[CFirefoxDriver: firefox on windows (145479f1-3741-4f1c-a985-7aecadd6d143)] -> xpath: //select[@id='searchDropdownBox']]] -> tag name: option]
Session ID: 145479f1-3741-4f1c-a985-7aecadd6d143
	at java.base/jdk.internal.reflect.NativeConstructorAccessorImpl.newInstance0(Native Method)
	at java.base/jdk.internal.reflect.NativeConstructorAccessorImpl.newInstance(NativeConstructorAccessorImpl.java:77)
	at java.base/jdk.internal.reflect.DelegatingConstructorAccessorImpl.newInstance(DelegatingConstructorAccessorImpl.java:45)
	at org.openqa.selenium.remote.ErrorCodec.decode(ErrorCodec.java:167)
	at org.openqa.selenium.remote.codec.w3c.W3CHttpResponseCodec.decode(W3CHttpResponseCodec.java:138)
	at org.openqa.selenium.remote.codec.w3c.W3CHttpResponseCodec.decode(W3CHttpResponseCodec.java:50)
	at org.openqa.selenium.remote.HttpCommandExecutor.execute(HttpCommandExecutor.java:190)
	at org.openqa.selenium.remote.service.DriverCommandExecutor.invokeExecute(DriverCommandExecutor.java:216)
	at org.openqa.selenium.remote.service.DriverCommandExecutor.execute(DriverCommandExecutor.java:174)
	at org.openqa.selenium.remote.RemoteWebDriver.execute(RemoteWebDriver.java:518)
	at org.openqa.selenium.remote.RemoteWebElement.execute(RemoteWebElement.java:223)
	at org.openqa.selenium.remote.RemoteWebElement.click(RemoteWebElement.java:76)
	at java.base/jdk.internal.reflect.NativeMethodAccessorImpl.invoke0(Native Method)
	at java.base/jdk.internal.reflect.NativeMethodAccessorImpl.invoke(NativeMethodAccessorImpl.java:77)
	at java.base/jdk.internal.reflect.DelegatingMethodAccessorImpl.invoke(DelegatingMethodAccessorImpl.java:43)
	at org.openqa.selenium.support.decorators.WebDriverDecorator.call(WebDriverDecorator.java:249)
	at org.openqa.selenium.support.decorators.DefaultDecorated.call(DefaultDecorated.java:48)
	at org.openqa.selenium.support.decorators.WebDriverDecorator.lambda$createProxy$2(WebDriverDecorator.java:321)
	at net.bytebuddy.renamed.java.lang.Object$ByteBuddy$ir71GRjW.click(Unknown Source)
	at org.openqa.selenium.support.ui.Select.setSelected(Select.java:315)
	at org.openqa.selenium.support.ui.Select.setSelectedByIndex(Select.java:299)
	at org.openqa.selenium.support.ui.Select.selectByIndex(Select.java:179)
	at com.kms.katalon.core.webui.common.WebUiCommonHelper.selectOrDeselectOptionsByValueByRegularExpression(WebUiCommonHelper.java:294)
	at com.kms.katalon.core.webui.common.WebUiCommonHelper.selectOrDeselectOptionsByValue(WebUiCommonHelper.java:273)
	at com.kms.katalon.core.webui.common.WebUiCommonHelper$selectOrDeselectOptionsByValue.call(Unknown Source)
	at com.kms.katalon.core.webui.keyword.builtin.SelectOptionByValueKeyword.selectOrDeselectOptionsByValue(SelectOptionByValueKeyword.groovy:80)
	at com.kms.katalon.core.webui.keyword.builtin.SelectOptionByValueKeyword.access$0(SelectOptionByValueKeyword.groovy)
	at com.kms.katalon.core.webui.keyword.builtin.SelectOptionByValueKeyword$_selectOptionByValue_closure1.doCall(SelectOptionByValueKeyword.groovy:58)
	at com.kms.katalon.core.webui.keyword.builtin.SelectOptionByValueKeyword$_selectOptionByValue_closure1.call(SelectOptionByValueKeyword.groovy)
	at com.kms.katalon.core.webui.keyword.internal.WebUIKeywordMain.runKeyword(WebUIKeywordMain.groovy:35)
	... 20 more]]></system-out>
      <system-err><![CDATA[21-03-2025T07:43:47 - [TEST_SUITE][FAILED] - TS_Amazon_03: Test Cases/TC_Amazon_ValidatePlacingAOrder_009 FAILED.
Reason:
com.kms.katalon.core.exception.StepFailedException: Unable to select option by value 'search-alias=stripbooks' of object 'Object Repository/Amazon_ValidatingPlacingAOrder_OR/Page_Online Shopping site in India Shop Onl_10c5f3/select_All Categories        Alexa Skills  _59be89'  using regular expression (Root cause: com.kms.katalon.core.exception.StepFailedException: Unable to select option by value 'search-alias=stripbooks' of object 'Object Repository/Amazon_ValidatingPlacingAOrder_OR/Page_Online Shopping site in India Shop Onl_10c5f3/select_All Categories        Alexa Skills  _59be89'  using regular expression
	at com.kms.katalon.core.webui.keyword.internal.WebUIKeywordMain.stepFailed(WebUIKeywordMain.groovy:117)
	at com.kms.katalon.core.webui.keyword.internal.WebUIKeywordMain.runKeyword(WebUIKeywordMain.groovy:43)
	at com.kms.katalon.core.webui.keyword.builtin.SelectOptionByValueKeyword.selectOptionByValue(SelectOptionByValueKeyword.groovy:69)
	at com.kms.katalon.core.webui.keyword.builtin.SelectOptionByValueKeyword.execute(SelectOptionByValueKeyword.groovy:42)
	at com.kms.katalon.core.keyword.internal.KeywordExecutor.executeKeywordForPlatform(KeywordExecutor.groovy:74)
	at com.kms.katalon.core.webui.keyword.WebUiBuiltInKeywords.selectOptionByValue(WebUiBuiltInKeywords.groovy:1244)
	at TC_Amazon_ValidatePlacingAOrder_009.run(TC_Amazon_ValidatePlacingAOrder_009:38)
	at com.kms.katalon.core.main.ScriptEngine.run(ScriptEngine.java:194)
	at com.kms.katalon.core.main.ScriptEngine.runScriptAsRawText(ScriptEngine.java:119)
	at com.kms.katalon.core.main.TestCaseExecutor.runScript(TestCaseExecutor.java:448)
	at com.kms.katalon.core.main.TestCaseExecutor.doExecute(TestCaseExecutor.java:439)
	at com.kms.katalon.core.main.TestCaseExecutor.processExecutionPhase(TestCaseExecutor.java:418)
	at com.kms.katalon.core.main.TestCaseExecutor.accessMainPhase(TestCaseExecutor.java:410)
	at com.kms.katalon.core.main.TestCaseExecutor.execute(TestCaseExecutor.java:285)
	at com.kms.katalon.core.common.CommonExecutor.accessTestCaseMainPhase(CommonExecutor.java:71)
	at com.kms.katalon.core.main.TestSuiteExecutor.accessTestSuiteMainPhase(TestSuiteExecutor.java:160)
	at com.kms.katalon.core.main.TestSuiteExecutor.execute(TestSuiteExecutor.java:107)
	at com.kms.katalon.core.main.TestCaseMain.startTestSuite(TestCaseMain.java:180)
	at TempTestSuite1742523221089.run(TempTestSuite1742523221089.groovy:35)
	at java.base/jdk.internal.reflect.NativeMethodAccessorImpl.invoke0(Native Method)
	at java.base/jdk.internal.reflect.NativeMethodAccessorImpl.invoke(NativeMethodAccessorImpl.java:77)
	at java.base/jdk.internal.reflect.DelegatingMethodAccessorImpl.invoke(DelegatingMethodAccessorImpl.java:43)
Caused by: org.openqa.selenium.ElementNotInteractableException: Element <option> could not be scrolled into view
Build info: version: '4.22.0', revision: 'c5f3146703'
System info: os.name: 'Windows 11', os.arch: 'amd64', os.version: '10.0', java.version: '17.0.13'
Driver info: com.kms.katalon.selenium.driver.CFirefoxDriver
Command: [145479f1-3741-4f1c-a985-7aecadd6d143, clickElement {id=73594a0e-7bdf-49be-acff-4f1de6684ec6}]
Capabilities {acceptInsecureCerts: true, browserName: firefox, browserVersion: 136.0.2, moz:accessibilityChecks: false, moz:buildID: 20250317120031, moz:debuggerAddress: 127.0.0.1:27248, moz:geckodriverVersion: 0.36.0, moz:headless: false, moz:platformVersion: 10.0, moz:processID: 17180, moz:profile: C:\Users\Asus\AppData\Local..., moz:shutdownTimeout: 60000, moz:webdriverClick: true, moz:windowless: false, pageLoadStrategy: normal, platformName: windows, proxy: Proxy(), se:cdp: ws://127.0.0.1:27248/devtoo..., se:cdpVersion: 85.0, setWindowRect: true, strictFileInteractability: false, timeouts: {implicit: 0, pageLoad: 300000, script: 30000}, unhandledPromptBehavior: ignore, userAgent: Mozilla/5.0 (Windows NT 10...., webSocketUrl: ws://127.0.0.1:27248/sessio...}
Element: [[[[CFirefoxDriver: firefox on windows (145479f1-3741-4f1c-a985-7aecadd6d143)] -> xpath: //select[@id='searchDropdownBox']]] -> tag name: option]
Session ID: 145479f1-3741-4f1c-a985-7aecadd6d143
	at java.base/jdk.internal.reflect.NativeConstructorAccessorImpl.newInstance0(Native Method)
	at java.base/jdk.internal.reflect.NativeConstructorAccessorImpl.newInstance(NativeConstructorAccessorImpl.java:77)
	at java.base/jdk.internal.reflect.DelegatingConstructorAccessorImpl.newInstance(DelegatingConstructorAccessorImpl.java:45)
	at org.openqa.selenium.remote.ErrorCodec.decode(ErrorCodec.java:167)
	at org.openqa.selenium.remote.codec.w3c.W3CHttpResponseCodec.decode(W3CHttpResponseCodec.java:138)
	at org.openqa.selenium.remote.codec.w3c.W3CHttpResponseCodec.decode(W3CHttpResponseCodec.java:50)
	at org.openqa.selenium.remote.HttpCommandExecutor.execute(HttpCommandExecutor.java:190)
	at org.openqa.selenium.remote.service.DriverCommandExecutor.invokeExecute(DriverCommandExecutor.java:216)
	at org.openqa.selenium.remote.service.DriverCommandExecutor.execute(DriverCommandExecutor.java:174)
	at org.openqa.selenium.remote.RemoteWebDriver.execute(RemoteWebDriver.java:518)
	at org.openqa.selenium.remote.RemoteWebElement.execute(RemoteWebElement.java:223)
	at org.openqa.selenium.remote.RemoteWebElement.click(RemoteWebElement.java:76)
	at java.base/jdk.internal.reflect.NativeMethodAccessorImpl.invoke0(Native Method)
	at java.base/jdk.internal.reflect.NativeMethodAccessorImpl.invoke(NativeMethodAccessorImpl.java:77)
	at java.base/jdk.internal.reflect.DelegatingMethodAccessorImpl.invoke(DelegatingMethodAccessorImpl.java:43)
	at org.openqa.selenium.support.decorators.WebDriverDecorator.call(WebDriverDecorator.java:249)
	at org.openqa.selenium.support.decorators.DefaultDecorated.call(DefaultDecorated.java:48)
	at org.openqa.selenium.support.decorators.WebDriverDecorator.lambda$createProxy$2(WebDriverDecorator.java:321)
	at net.bytebuddy.renamed.java.lang.Object$ByteBuddy$ir71GRjW.click(Unknown Source)
	at org.openqa.selenium.support.ui.Select.setSelected(Select.java:315)
	at org.openqa.selenium.support.ui.Select.setSelectedByIndex(Select.java:299)
	at org.openqa.selenium.support.ui.Select.selectByIndex(Select.java:179)
	at com.kms.katalon.core.webui.common.WebUiCommonHelper.selectOrDeselectOptionsByValueByRegularExpression(WebUiCommonHelper.java:294)
	at com.kms.katalon.core.webui.common.WebUiCommonHelper.selectOrDeselectOptionsByValue(WebUiCommonHelper.java:273)
	at com.kms.katalon.core.webui.common.WebUiCommonHelper$selectOrDeselectOptionsByValue.call(Unknown Source)
	at com.kms.katalon.core.webui.keyword.builtin.SelectOptionByValueKeyword.selectOrDeselectOptionsByValue(SelectOptionByValueKeyword.groovy:80)
	at com.kms.katalon.core.webui.keyword.builtin.SelectOptionByValueKeyword.access$0(SelectOptionByValueKeyword.groovy)
	at com.kms.katalon.core.webui.keyword.builtin.SelectOptionByValueKeyword$_selectOptionByValue_closure1.doCall(SelectOptionByValueKeyword.groovy:58)
	at com.kms.katalon.core.webui.keyword.builtin.SelectOptionByValueKeyword$_selectOptionByValue_closure1.call(SelectOptionByValueKeyword.groovy)
	at com.kms.katalon.core.webui.keyword.internal.WebUIKeywordMain.runKeyword(WebUIKeywordMain.groovy:35)
	at com.kms.katalon.core.webui.keyword.builtin.SelectOptionByValueKeyword.selectOptionByValue(SelectOptionByValueKeyword.groovy:69)
	at com.kms.katalon.core.webui.keyword.builtin.SelectOptionByValueKeyword.execute(SelectOptionByValueKeyword.groovy:42)
	at com.kms.katalon.core.keyword.internal.KeywordExecutor.executeKeywordForPlatform(KeywordExecutor.groovy:74)
	at com.kms.katalon.core.webui.keyword.WebUiBuiltInKeywords.selectOptionByValue(WebUiBuiltInKeywords.groovy:1244)
	at Script1741840234352.run(Script1741840234352.groovy:38)
	... 15 more
)
	at com.kms.katalon.core.keyword.internal.KeywordMain.stepFailed(KeywordMain.groovy:39)
	at com.kms.katalon.core.webui.keyword.internal.WebUIKeywordMain.stepFailed(WebUIKeywordMain.groovy:117)
	at com.kms.katalon.core.webui.keyword.internal.WebUIKeywordMain.runKeyword(WebUIKeywordMain.groovy:43)
	at com.kms.katalon.core.webui.keyword.builtin.SelectOptionByValueKeyword.selectOptionByValue(SelectOptionByValueKeyword.groovy:69)
	at com.kms.katalon.core.webui.keyword.builtin.SelectOptionByValueKeyword.execute(SelectOptionByValueKeyword.groovy:42)
	at com.kms.katalon.core.keyword.internal.KeywordExecutor.executeKeywordForPlatform(KeywordExecutor.groovy:74)
	at com.kms.katalon.core.webui.keyword.WebUiBuiltInKeywords.selectOptionByValue(WebUiBuiltInKeywords.groovy:1244)
	at TC_Amazon_ValidatePlacingAOrder_009.run(TC_Amazon_ValidatePlacingAOrder_009:38)
	at com.kms.katalon.core.main.ScriptEngine.run(ScriptEngine.java:194)
	at com.kms.katalon.core.main.ScriptEngine.runScriptAsRawText(ScriptEngine.java:119)
	at com.kms.katalon.core.main.TestCaseExecutor.runScript(TestCaseExecutor.java:448)
	at com.kms.katalon.core.main.TestCaseExecutor.doExecute(TestCaseExecutor.java:439)
	at com.kms.katalon.core.main.TestCaseExecutor.processExecutionPhase(TestCaseExecutor.java:418)
	at com.kms.katalon.core.main.TestCaseExecutor.accessMainPhase(TestCaseExecutor.java:410)
	at com.kms.katalon.core.main.TestCaseExecutor.execute(TestCaseExecutor.java:285)
	at com.kms.katalon.core.common.CommonExecutor.accessTestCaseMainPhase(CommonExecutor.java:71)
	at com.kms.katalon.core.main.TestSuiteExecutor.accessTestSuiteMainPhase(TestSuiteExecutor.java:160)
	at com.kms.katalon.core.main.TestSuiteExecutor.execute(TestSuiteExecutor.java:107)
	at com.kms.katalon.core.main.TestCaseMain.startTestSuite(TestCaseMain.java:180)
	at TempTestSuite1742523221089.run(TempTestSuite1742523221089.groovy:35)
	at java.base/jdk.internal.reflect.NativeMethodAccessorImpl.invoke0(Native Method)
	at java.base/jdk.internal.reflect.NativeMethodAccessorImpl.invoke(NativeMethodAccessorImpl.java:77)
	at java.base/jdk.internal.reflect.DelegatingMethodAccessorImpl.invoke(DelegatingMethodAccessorImpl.java:43)
Caused by: com.kms.katalon.core.exception.StepFailedException: Unable to select option by value 'search-alias=stripbooks' of object 'Object Repository/Amazon_ValidatingPlacingAOrder_OR/Page_Online Shopping site in India Shop Onl_10c5f3/select_All Categories        Alexa Skills  _59be89'  using regular expression
	... 22 more
Caused by: org.openqa.selenium.ElementNotInteractableException: Element <option> could not be scrolled into view
Build info: version: '4.22.0', revision: 'c5f3146703'
System info: os.name: 'Windows 11', os.arch: 'amd64', os.version: '10.0', java.version: '17.0.13'
Driver info: com.kms.katalon.selenium.driver.CFirefoxDriver
Command: [145479f1-3741-4f1c-a985-7aecadd6d143, clickElement {id=73594a0e-7bdf-49be-acff-4f1de6684ec6}]
Capabilities {acceptInsecureCerts: true, browserName: firefox, browserVersion: 136.0.2, moz:accessibilityChecks: false, moz:buildID: 20250317120031, moz:debuggerAddress: 127.0.0.1:27248, moz:geckodriverVersion: 0.36.0, moz:headless: false, moz:platformVersion: 10.0, moz:processID: 17180, moz:profile: C:\Users\Asus\AppData\Local..., moz:shutdownTimeout: 60000, moz:webdriverClick: true, moz:windowless: false, pageLoadStrategy: normal, platformName: windows, proxy: Proxy(), se:cdp: ws://127.0.0.1:27248/devtoo..., se:cdpVersion: 85.0, setWindowRect: true, strictFileInteractability: false, timeouts: {implicit: 0, pageLoad: 300000, script: 30000}, unhandledPromptBehavior: ignore, userAgent: Mozilla/5.0 (Windows NT 10...., webSocketUrl: ws://127.0.0.1:27248/sessio...}
Element: [[[[CFirefoxDriver: firefox on windows (145479f1-3741-4f1c-a985-7aecadd6d143)] -> xpath: //select[@id='searchDropdownBox']]] -> tag name: option]
Session ID: 145479f1-3741-4f1c-a985-7aecadd6d143
	at java.base/jdk.internal.reflect.NativeConstructorAccessorImpl.newInstance0(Native Method)
	at java.base/jdk.internal.reflect.NativeConstructorAccessorImpl.newInstance(NativeConstructorAccessorImpl.java:77)
	at java.base/jdk.internal.reflect.DelegatingConstructorAccessorImpl.newInstance(DelegatingConstructorAccessorImpl.java:45)
	at org.openqa.selenium.remote.ErrorCodec.decode(ErrorCodec.java:167)
	at org.openqa.selenium.remote.codec.w3c.W3CHttpResponseCodec.decode(W3CHttpResponseCodec.java:138)
	at org.openqa.selenium.remote.codec.w3c.W3CHttpResponseCodec.decode(W3CHttpResponseCodec.java:50)
	at org.openqa.selenium.remote.HttpCommandExecutor.execute(HttpCommandExecutor.java:190)
	at org.openqa.selenium.remote.service.DriverCommandExecutor.invokeExecute(DriverCommandExecutor.java:216)
	at org.openqa.selenium.remote.service.DriverCommandExecutor.execute(DriverCommandExecutor.java:174)
	at org.openqa.selenium.remote.RemoteWebDriver.execute(RemoteWebDriver.java:518)
	at org.openqa.selenium.remote.RemoteWebElement.execute(RemoteWebElement.java:223)
	at org.openqa.selenium.remote.RemoteWebElement.click(RemoteWebElement.java:76)
	at java.base/jdk.internal.reflect.NativeMethodAccessorImpl.invoke0(Native Method)
	at java.base/jdk.internal.reflect.NativeMethodAccessorImpl.invoke(NativeMethodAccessorImpl.java:77)
	at java.base/jdk.internal.reflect.DelegatingMethodAccessorImpl.invoke(DelegatingMethodAccessorImpl.java:43)
	at org.openqa.selenium.support.decorators.WebDriverDecorator.call(WebDriverDecorator.java:249)
	at org.openqa.selenium.support.decorators.DefaultDecorated.call(DefaultDecorated.java:48)
	at org.openqa.selenium.support.decorators.WebDriverDecorator.lambda$createProxy$2(WebDriverDecorator.java:321)
	at net.bytebuddy.renamed.java.lang.Object$ByteBuddy$ir71GRjW.click(Unknown Source)
	at org.openqa.selenium.support.ui.Select.setSelected(Select.java:315)
	at org.openqa.selenium.support.ui.Select.setSelectedByIndex(Select.java:299)
	at org.openqa.selenium.support.ui.Select.selectByIndex(Select.java:179)
	at com.kms.katalon.core.webui.common.WebUiCommonHelper.selectOrDeselectOptionsByValueByRegularExpression(WebUiCommonHelper.java:294)
	at com.kms.katalon.core.webui.common.WebUiCommonHelper.selectOrDeselectOptionsByValue(WebUiCommonHelper.java:273)
	at com.kms.katalon.core.webui.common.WebUiCommonHelper$selectOrDeselectOptionsByValue.call(Unknown Source)
	at com.kms.katalon.core.webui.keyword.builtin.SelectOptionByValueKeyword.selectOrDeselectOptionsByValue(SelectOptionByValueKeyword.groovy:80)
	at com.kms.katalon.core.webui.keyword.builtin.SelectOptionByValueKeyword.access$0(SelectOptionByValueKeyword.groovy)
	at com.kms.katalon.core.webui.keyword.builtin.SelectOptionByValueKeyword$_selectOptionByValue_closure1.doCall(SelectOptionByValueKeyword.groovy:58)
	at com.kms.katalon.core.webui.keyword.builtin.SelectOptionByValueKeyword$_selectOptionByValue_closure1.call(SelectOptionByValueKeyword.groovy)
	at com.kms.katalon.core.webui.keyword.internal.WebUIKeywordMain.runKeyword(WebUIKeywordMain.groovy:35)
	... 20 more]]></system-err>
   </testsuite>
</testsuites>
